 -1.56238 53.8078

 -1.56258 53.8079

 -1.55471 53.8076

 -1.55493 53.8076

 -1.55492 53.8077

 -1.55506 53.8041

 -1.55495 53.8041

 -1.55495 53.8046

 -1.55497 53.8046

 -1.55534 53.8048

 -1.55533 53.8047

 -1.55534 53.8046

 -1.55533 53.8041

 -1.55518 53.8041

 -1.55629 53.8054

 -1.55629 53.8054

 -1.55605 53.8051

 -1.5561 53.8051

 -1.5561 53.8052

 -1.55442 53.8047

 -1.55442 53.8048

 -1.5544 53.8048

 -1.5544 53.8048

 -1.55602 53.8057

 -1.55603 53.8058

 -1.55613 53.8059

 -1.55355 53.805

 -1.55356 53.8051

 -1.55645 53.8062

 -1.5564 53.8065

 -1.55393 53.805

 -1.55436 53.805

 -1.55436 53.805

 -1.55439 53.805

 -1.55845 53.808

 -1.5585 53.8078

 -1.55499 53.8069

 -1.55499 53.807

 -1.55667 53.8077

 -1.55676 53.8076

 -1.55531 53.8068

 -1.55521 53.8068

 -1.55309 53.8066

 -1.5529 53.8066

 -1.55397 53.8068

 -1.55407 53.8068

 -1.55727 53.8101

 -1.55749 53.8102

 -1.55756 53.8098

 -1.5577 53.8096

 -1.55756 53.8078

 -1.5576 53.8077

 -1.55464 53.8097

 -1.55455 53.8097

 -1.55339 53.8071

 -1.55339 53.8072

 -1.5527 53.8075

 -1.55269 53.8072

 -1.55339 53.8069

 -1.55337 53.8068

 -1.55228 53.8046

 -1.55233 53.8044

 -1.55295 53.8046

 -1.553 53.8045

 -1.55282 53.8044

 -1.55267 53.8044

 -1.55263 53.8044

 -1.55163 53.8055

 -1.55163 53.8055

 -1.55458 53.8051

 -1.55459 53.8051

 -1.55805 53.8063

 -1.55823 53.8064

 -1.55821 53.8064

 -1.55808 53.8063

 -1.55777 53.8063

 -1.55747 53.8074

 -1.55755 53.8073

 -1.55459 53.8064

 -1.55449 53.8065

 -1.55447 53.8059

 -1.5544 53.8059

 -1.55446 53.8066

 -1.55453 53.8066

 -1.55457 53.8074

 -1.5546 53.8073

 -1.55635 53.8072

 -1.55636 53.8072

 -1.55193 53.8054

 -1.55193 53.8053

 -1.55248 53.8054

 -1.55248 53.8053

 -1.55247 53.8055

 -1.55247 53.8056

 -1.55304 53.8054

 -1.55304 53.8053

 -1.55303 53.8055

 -1.55303 53.8056

 -1.55357 53.8054

 -1.55357 53.8053

 -1.55357 53.8055

 -1.55357 53.8056

 -1.55431 53.8057

 -1.5544 53.8057

 -1.55637 53.8069

 -1.55632 53.807

 -1.55682 53.807

 -1.55677 53.8071

 -1.55578 53.8068

 -1.55572 53.8069

 -1.55419 53.8057

 -1.55431 53.8057

 -1.55446 53.8066

 -1.55452 53.8066

 -1.55872 53.8031

 -1.55863 53.8032

 -1.55856 53.8034

 -1.5584 53.8037

 -1.55637 53.8107

 -1.55665 53.8109

 -1.55684 53.811

 -1.5489 53.807

 -1.54886 53.807

 -1.54874 53.8069

 -1.56058 53.8106

 -1.56071 53.8105

 -1.56097 53.8105

 -1.56114 53.8105

 -1.56123 53.8105

 -1.56132 53.8106

 -1.56146 53.8107

 -1.56146 53.8108

 -1.56134 53.8109

 -1.5612 53.811

 -1.5612 53.811

 -1.56073 53.811

 -1.56066 53.8109

 -1.56056 53.8108

 -1.56094 53.8104

 -1.56067 53.8096

 -1.56027 53.8088

 -1.56025 53.8087

 -1.5602 53.8086

 -1.56014 53.8085

 -1.56005 53.8085

 -1.55989 53.8083

 -1.5612 53.811

 -1.56101 53.8107

 -1.55984 53.8081

 -1.55992 53.8081

 -1.55995 53.8082

 -1.56072 53.811

 -1.55993 53.8091

 -1.5598 53.8091

 -1.55929 53.8095

 -1.55891 53.81

 -1.5587 53.8103

 -1.55852 53.8104

 -1.55846 53.8105

 -1.55835 53.8106

 -1.55788 53.811

 -1.54893 53.8028

 -1.54905 53.8027

 -1.54915 53.8026

 -1.54926 53.8026

 -1.564 53.8094

 -1.56377 53.8093

 -1.56358 53.8093

 -1.56342 53.8092

 -1.56309 53.809

 -1.5624 53.8087

 -1.5618 53.8085

 -1.56153 53.8085

 -1.56105 53.8083

 -1.5568 53.8035

 -1.55664 53.8036

 -1.55647 53.8036

 -1.55591 53.8036

 -1.5548 53.8036

 -1.55335 53.8036

 -1.55276 53.8036

 -1.55222 53.8036

 -1.55185 53.8036

 -1.55119 53.8036

 -1.55085 53.8036

 -1.55937 53.8032

 -1.5592 53.8035

 -1.55929 53.8036

 -1.56047 53.804

 -1.56051 53.8041

 -1.5605 53.8042

 -1.5603 53.8044

 -1.56214 53.8033

 -1.56182 53.8032

 -1.56154 53.8031

 -1.5608 53.8029

 -1.56058 53.8029

 -1.56011 53.8028

 -1.55937 53.8027

 -1.55909 53.8026

 -1.55878 53.8026

 -1.55841 53.8026

 -1.55803 53.8025

 -1.55763 53.8025

 -1.55741 53.8026

 -1.56089 53.8038

 -1.56256 53.8029

 -1.56331 53.8021

 -1.56315 53.8078

 -1.56361 53.8072

 -1.564 53.8067

 -1.564 53.8029

 -1.5638 53.8027

 -1.56363 53.8026

 -1.56354 53.8024

 -1.5634 53.8023

 -1.56306 53.8018

 -1.56292 53.8016

 -1.56288 53.8016

 -1.55717 53.8024

 -1.55683 53.8025

 -1.55669 53.8026

 -1.55657 53.8026

 -1.55629 53.8027

 -1.55585 53.8029

 -1.55536 53.8029

 -1.55432 53.803

 -1.55319 53.803

 -1.55273 53.803

 -1.55043 53.811

 -1.5505 53.8103

 -1.55051 53.8102

 -1.55062 53.8099

 -1.55066 53.8098

 -1.55091 53.8096

 -1.551 53.8095

 -1.55117 53.8094

 -1.55126 53.8093

 -1.55151 53.8091

 -1.55209 53.8088

 -1.55224 53.8087

 -1.55982 53.8053

 -1.5585 53.8048

 -1.5585 53.8048

 -1.55763 53.8045

 -1.55748 53.8045

 -1.55733 53.8045

 -1.55684 53.8047

 -1.55666 53.8048

 -1.5579 53.804

 -1.55825 53.8036

 -1.55686 53.8046

 -1.55695 53.8044

 -1.5574 53.8039

 -1.55783 53.8041

 -1.55808 53.803

 -1.55778 53.8035

 -1.55757 53.8018

 -1.55763 53.8019

 -1.55779 53.802

 -1.55803 53.8022

 -1.5557 53.8016

 -1.5557 53.8016

 -1.55137 53.8042

 -1.55215 53.8039

 -1.55282 53.8035

 -1.55341 53.8029

 -1.55394 53.8023

 -1.55414 53.8021

 -1.55439 53.8017

 -1.55446 53.8016

 -1.54645 53.8032

 -1.54638 53.8032

 -1.54585 53.8036

 -1.54526 53.8032

 -1.54536 53.8039

 -1.54465 53.8035

 -1.54444 53.8034

 -1.54636 53.8031

 -1.54607 53.8031

 -1.5455 53.803

 -1.54674 53.8035

 -1.54664 53.8035

 -1.54541 53.8042

 -1.54405 53.8036

 -1.54531 53.8042

 -1.55259 53.8071

 -1.55251 53.8073

 -1.55242 53.8074

 -1.55234 53.8075

 -1.5522 53.8078

 -1.55211 53.8079

 -1.55227 53.8079

 -1.55244 53.8079

 -1.55163 53.8072

 -1.55193 53.8073

 -1.55201 53.8073

 -1.55218 53.8073

 -1.55228 53.8073

 -1.5524 53.8072

 -1.54778 53.8023

 -1.5479 53.8022

 -1.54824 53.8018

 -1.54755 53.8025

 -1.54716 53.8028

 -1.54699 53.8029

 -1.54679 53.8031

 -1.54675 53.8031

 -1.54652 53.8033

 -1.54717 53.802

 -1.54762 53.8021

 -1.54776 53.8022

 -1.54738 53.8016

 -1.54738 53.8017

 -1.54737 53.8018

 -1.54729 53.8019

 -1.54646 53.8026

 -1.54908 53.8055

 -1.54937 53.8053

 -1.54939 53.8052

 -1.54942 53.8052

 -1.55276 53.8089

 -1.55248 53.8088

 -1.56106 53.8047

 -1.56018 53.8044

 -1.55992 53.8042

 -1.55958 53.8041

 -1.5593 53.804

 -1.55911 53.8039

 -1.55888 53.8038

 -1.55862 53.8038

 -1.558 53.8036

 -1.564 53.8045

 -1.56376 53.8043

 -1.56353 53.8041

 -1.56308 53.8039

 -1.56262 53.8036

 -1.564 53.8029

 -1.56071 53.8056

 -1.56148 53.8058

 -1.5633 53.8063

 -1.5637 53.8064

 -1.564 53.8067

 -1.55437 53.8091

 -1.5545 53.809

 -1.55458 53.8088

 -1.5547 53.8086

 -1.55531 53.8087

 -1.55745 53.8096

 -1.55748 53.8095

 -1.55754 53.8094

 -1.5576 53.8093

 -1.55764 53.8092

 -1.55766 53.8091

 -1.55765 53.809

 -1.5576 53.8089

 -1.55756 53.8088

 -1.55751 53.8087

 -1.55743 53.8085

 -1.55739 53.8084

 -1.55735 53.8083

 -1.55729 53.8082

 -1.55722 53.8081

 -1.55715 53.8081

 -1.55714 53.808

 -1.55646 53.8094

 -1.55649 53.8094

 -1.55654 53.8093

 -1.55654 53.8092

 -1.55652 53.8092

 -1.5565 53.8091

 -1.5565 53.809

 -1.55653 53.8089

 -1.55656 53.8088

 -1.55661 53.8088

 -1.55667 53.8088

 -1.55675 53.8087

 -1.55684 53.8087

 -1.55692 53.8086

 -1.55696 53.8085

 -1.55704 53.8084

 -1.55709 53.8084

 -1.55711 53.8083

 -1.55711 53.8083

 -1.55709 53.8082

 -1.55711 53.8082

 -1.55815 53.8097

 -1.558 53.8097

 -1.55661 53.8095

 -1.55558 53.8093

 -1.55497 53.8092

 -1.55466 53.8092

 -1.5545 53.8091

 -1.55429 53.809

 -1.55409 53.8089

 -1.55394 53.8088

 -1.55367 53.8089

 -1.55368 53.8089

 -1.55368 53.8092

 -1.55455 53.8096

 -1.5544 53.8095

 -1.55396 53.8094

 -1.55379 53.8095

 -1.55719 53.8079

 -1.55717 53.8079

 -1.55706 53.8079

 -1.55709 53.8078

 -1.55712 53.8077

 -1.55705 53.8076

 -1.55681 53.8075

 -1.55675 53.8074

 -1.55682 53.8072

 -1.55225 53.8082

 -1.55201 53.8081

 -1.55173 53.808

 -1.55146 53.8078

 -1.55118 53.8077

 -1.5509 53.8075

 -1.55066 53.8074

 -1.5504 53.8072

 -1.55016 53.8071

 -1.54992 53.807

 -1.5497 53.8068

 -1.54948 53.8067

 -1.54903 53.8065

 -1.5519 53.8082

 -1.5518 53.8083

 -1.55119 53.8083

 -1.55075 53.808

 -1.55047 53.8078

 -1.55024 53.8076

 -1.55013 53.8077

 -1.54972 53.8074

 -1.54994 53.8075

 -1.54929 53.8071

 -1.5495 53.8072

 -1.55104 53.8081

 -1.564 53.808

 -1.56376 53.8083

 -1.56351 53.8086

 -1.564 53.8087

 -1.55403 53.8087

 -1.55405 53.8083

 -1.55405 53.8081

 -1.56041 53.8061

 -1.56004 53.806

 -1.55974 53.8059

 -1.55955 53.8058

 -1.55923 53.8057

 -1.55908 53.8057

 -1.55877 53.8056

 -1.55841 53.8054

 -1.5579 53.8053

 -1.55723 53.805

 -1.56106 53.8049

 -1.56125 53.805

 -1.55881 53.8016

 -1.56272 53.807

 -1.56301 53.8066

 -1.56357 53.8059

 -1.56243 53.8056

 -1.56171 53.8054

 -1.56259 53.8053

 -1.56265 53.8053

 -1.56271 53.8053

 -1.56277 53.8053

 -1.56285 53.8053

 -1.56328 53.8054

 -1.56339 53.8055

 -1.56348 53.8055

 -1.56355 53.8056

 -1.56361 53.8056

 -1.56368 53.8057

 -1.56369 53.8058

 -1.55522 53.8074

 -1.55498 53.8074

 -1.55425 53.8073

 -1.55323 53.8072

 -1.55912 53.8076

 -1.5586 53.8075

 -1.55812 53.8074

 -1.55762 53.8073

 -1.55712 53.8072

 -1.55895 53.8079

 -1.55973 53.8068

 -1.55987 53.8066

 -1.55951 53.808

 -1.55925 53.8079

 -1.55868 53.8079

 -1.55838 53.8078

 -1.5581 53.8078

 -1.55773 53.8077

 -1.55728 53.8077

 -1.5569 53.8076

 -1.55663 53.8076

 -1.55628 53.8075

 -1.55589 53.8075

 -1.5556 53.8074

 -1.55538 53.8074

 -1.55774 53.8063

 -1.5579 53.8061

 -1.55799 53.806

 -1.55804 53.8059

 -1.5582 53.8057

 -1.55636 53.8045

 -1.5559 53.8042

 -1.55597 53.8038

 -1.55924 53.8066

 -1.55879 53.8065

 -1.55875 53.8065

 -1.55867 53.8065

 -1.55823 53.8064

 -1.55642 53.8016

 -1.5564 53.8016

 -1.55638 53.8017

 -1.55735 53.8016

 -1.55719 53.802

 -1.55682 53.8021

 -1.55596 53.8016

 -1.55641 53.8018

 -1.5565 53.8018

 -1.5566 53.8019

 -1.55766 53.8028

 -1.55781 53.8029

 -1.5492 53.8069

 -1.55929 53.811

 -1.564 53.8103

 -1.5635 53.8104

 -1.56237 53.8106

 -1.55003 53.8101

 -1.54976 53.8101

 -1.54952 53.81

 -1.54933 53.8099

 -1.54871 53.8096

 -1.5485 53.8095

 -1.54829 53.8094

 -1.54789 53.8093

 -1.54759 53.8093

 -1.54735 53.8093

 -1.54706 53.8093

 -1.54643 53.8092

 -1.54622 53.8091

 -1.5461 53.8091

 -1.54942 53.8101

 -1.54929 53.8103

 -1.54915 53.8104

 -1.54914 53.8104

 -1.54913 53.8105

 -1.54987 53.8104

 -1.54999 53.8104

 -1.55004 53.8104

 -1.54976 53.8107

 -1.55009 53.8107

 -1.54963 53.8107

 -1.54958 53.8107

 -1.54946 53.8107

 -1.54947 53.8107

 -1.54923 53.8106

 -1.54908 53.8106

 -1.54852 53.8097

 -1.54848 53.8098

 -1.54848 53.8099

 -1.54852 53.8099

 -1.54858 53.8099

 -1.54867 53.8099

 -1.54876 53.81

 -1.54894 53.81

 -1.54906 53.81

 -1.54466 53.8058

 -1.54549 53.8064

 -1.54698 53.8095

 -1.54686 53.8098

 -1.54684 53.8099

 -1.54687 53.8099

 -1.54689 53.81

 -1.54691 53.81

 -1.54696 53.8101

 -1.54704 53.8101

 -1.54728 53.8102

 -1.54746 53.8102

 -1.54741 53.8096

 -1.54751 53.8096

 -1.54756 53.8097

 -1.54759 53.8096

 -1.54761 53.8096

 -1.54751 53.8095

 -1.54736 53.81

 -1.54681 53.8097

 -1.54675 53.8098

 -1.54635 53.8105

 -1.54641 53.8105

 -1.54645 53.8105

 -1.54647 53.8106

 -1.54648 53.8106

 -1.54664 53.8107

 -1.54718 53.8109

 -1.54731 53.811

 -1.54625 53.8107

 -1.54474 53.8077

 -1.54507 53.8079

 -1.54537 53.8081

 -1.54554 53.8082

 -1.54577 53.8083

 -1.54592 53.8085

 -1.54603 53.8085

 -1.54611 53.8085

 -1.54622 53.8085

 -1.54635 53.8084

 -1.54651 53.8083

 -1.54666 53.8083

 -1.54679 53.8083

 -1.5469 53.8084

 -1.54538 53.808

 -1.5454 53.808

 -1.5454 53.808

 -1.5454 53.808

 -1.54542 53.8079

 -1.54618 53.8078

 -1.54631 53.8084

 -1.54627 53.8084

 -1.54624 53.8084

 -1.54571 53.8085

 -1.54524 53.8085

 -1.54502 53.8085

 -1.54667 53.8082

 -1.54669 53.8081

 -1.54556 53.8075

 -1.5476 53.8092

 -1.54761 53.8091

 -1.54768 53.809

 -1.54777 53.8089

 -1.54785 53.8089

 -1.54827 53.8093

 -1.54841 53.8092

 -1.54741 53.8087

 -1.54709 53.8089

 -1.5472 53.8089

 -1.54693 53.8088

 -1.55035 53.8092

 -1.55033 53.8091

 -1.55035 53.809

 -1.55041 53.8089

 -1.5505 53.8088

 -1.55075 53.8086

 -1.55059 53.8085

 -1.55005 53.8087

 -1.55003 53.8087

 -1.54977 53.8086

 -1.54962 53.8085

 -1.5495 53.8084

 -1.54936 53.8083

 -1.54925 53.8083

 -1.54899 53.8082

 -1.54894 53.8081

 -1.54873 53.808

 -1.5487 53.808

 -1.54847 53.8079

 -1.54808 53.8077

 -1.5495 53.8098

 -1.54957 53.8096

 -1.54969 53.8094

 -1.54973 53.8093

 -1.5498 53.8092

 -1.54983 53.8091

 -1.54992 53.8089

 -1.54884 53.8076

 -1.54851 53.8079

 -1.54908 53.8078

 -1.54903 53.8081

 -1.54936 53.8079

 -1.54964 53.808

 -1.54955 53.8084

 -1.55019 53.8083

 -1.55009 53.8087

 -1.5499 53.8082

 -1.55044 53.8084

 -1.5495 53.8087

 -1.54932 53.8089

 -1.54915 53.8091

 -1.54873 53.8092

 -1.549 53.809

 -1.54931 53.8084

 -1.5488 53.8088

 -1.54875 53.8089

 -1.54868 53.8088

 -1.54845 53.8087

 -1.54696 53.8083

 -1.54861 53.8091

 -1.54866 53.8092

 -1.54863 53.8092

 -1.54743 53.8086

 -1.54856 53.8081

 -1.54844 53.8081

 -1.54835 53.8082

 -1.54823 53.8081

 -1.54785 53.808

 -1.54776 53.808

 -1.54762 53.808

 -1.54753 53.8081

 -1.54752 53.8081

 -1.54754 53.8082

 -1.54759 53.8082

 -1.54767 53.8083

 -1.5478 53.8084

 -1.54796 53.8086

 -1.54808 53.8086

 -1.54823 53.8086

 -1.54843 53.8086

 -1.54854 53.8086

 -1.5486 53.8085

 -1.54865 53.8085

 -1.54865 53.8084

 -1.5486 53.8084

 -1.54848 53.8083

 -1.54778 53.8079

 -1.54768 53.8079

 -1.54741 53.808

 -1.54751 53.8082

 -1.54742 53.8081

 -1.54728 53.8082

 -1.5474 53.8083

 -1.54749 53.8083

 -1.54759 53.8084

 -1.54795 53.8086

 -1.54841 53.8088

 -1.54878 53.8084

 -1.54863 53.8083

 -1.5485 53.8082

 -1.54886 53.8083

 -1.54887 53.8083

 -1.54884 53.8082

 -1.54514 53.8031

 -1.54383 53.8069

 -1.5431 53.8072

 -1.54756 53.8016

 -1.54814 53.8018

 -1.5489 53.8019

 -1.5489 53.8016

 -1.54756 53.8016

 -1.54861 53.8049

 -1.54826 53.8045

 -1.54817 53.8044

 -1.54816 53.8044

 -1.54877 53.8051

 -1.54865 53.8049

 -1.54971 53.806

 -1.5493 53.8063

 -1.549 53.8065

 -1.54899 53.8065

 -1.54935 53.8052

 -1.54938 53.8052

 -1.54949 53.8051

 -1.54952 53.8051

 -1.54984 53.805

 -1.55006 53.805

 -1.55042 53.8048

 -1.55081 53.8047

 -1.5513 53.8045

 -1.55158 53.8044

 -1.55079 53.8037

 -1.55082 53.8038

 -1.55124 53.8041

 -1.55134 53.8042

 -1.55179 53.8044

 -1.55252 53.8047

 -1.55251 53.8048

 -1.55245 53.805

 -1.55241 53.8051

 -1.55238 53.8053

 -1.55234 53.8056

 -1.55304 53.805

 -1.55301 53.8051

 -1.55479 53.8052

 -1.55424 53.8052

 -1.55425 53.8054

 -1.55432 53.8054

 -1.55478 53.8054

 -1.55261 53.8051

 -1.55295 53.8051

 -1.55393 53.8051

 -1.55531 53.8051

 -1.55544 53.8051

 -1.55571 53.805

 -1.55594 53.8049

 -1.55608 53.8048

 -1.55617 53.8048

 -1.55635 53.8048

 -1.5559 53.8054

 -1.55577 53.8054

 -1.55564 53.8053

 -1.55541 53.8052

 -1.55531 53.8054

 -1.55485 53.8054

 -1.55519 53.807

 -1.5545 53.8069

 -1.55407 53.8069

 -1.55394 53.8069

 -1.5544 53.8058

 -1.55439 53.8062

 -1.55439 53.8063

 -1.55521 53.8068

 -1.55491 53.8068

 -1.55492 53.8068

 -1.55421 53.8053

 -1.55325 53.8053

 -1.5508 53.8053

 -1.55427 53.8065

 -1.55407 53.8065

 -1.55378 53.8065

 -1.55359 53.8065

 -1.55294 53.8065

 -1.5496 53.806

 -1.54974 53.8059

 -1.54993 53.8058

 -1.55026 53.8058

 -1.55054 53.8059

 -1.55078 53.8059

 -1.54945 53.8052

 -1.54952 53.8051

 -1.55081 53.8052

 -1.54983 53.8055

 -1.55175 53.8047

 -1.55176 53.8047

 -1.55177 53.8047

 -1.55261 53.8048

 -1.54455 53.8069

 -1.54484 53.8069

 -1.54495 53.807

 -1.54527 53.8071

 -1.54544 53.8072

 -1.54542 53.8073

 -1.54563 53.8074

 -1.54514 53.8072

 -1.54504 53.8073

 -1.54491 53.8073

 -1.54484 53.8074

 -1.54477 53.8075

 -1.54475 53.8076

 -1.54474 53.8077

 -1.54476 53.8078

 -1.5448 53.8078

 -1.55078 53.8063

 -1.55036 53.8064

 -1.55288 53.8067

 -1.55209 53.8059

 -1.55209 53.8056

 -1.55211 53.806

 -1.55211 53.806

 -1.55294 53.8061

 -1.55308 53.8061

 -1.55308 53.8056

 -1.55424 53.8062

 -1.55409 53.8063

 -1.55726 53.8062

 -1.5572 53.8063

 -1.55706 53.8064

 -1.55697 53.8064

 -1.54922 53.8024

 -1.55025 53.8025

 -1.55038 53.8025

 -1.55045 53.8025

 -1.54876 53.8049

 -1.54961 53.8047

 -1.55006 53.8043

 -1.55046 53.8041

 -1.55063 53.804

 -1.55082 53.804

 -1.55116 53.8041

 -1.55023 53.8042

 -1.55634 53.8062

 -1.55543 53.8062

 -1.55541 53.8062

 -1.55541 53.8062

 -1.5554 53.8063

 -1.55537 53.8063

 -1.55532 53.8064

 -1.55526 53.8064

 -1.55521 53.8064

 -1.55517 53.8065

 -1.55518 53.8066

 -1.55519 53.8066

 -1.55521 53.8066

 -1.55522 53.8066

 -1.55522 53.8067

 -1.55527 53.807

 -1.55533 53.8063

 -1.55534 53.8063

 -1.55534 53.8063

 -1.55533 53.8062

 -1.55532 53.8062

 -1.55531 53.8062

 -1.5553 53.8062

 -1.55528 53.8062

 -1.55526 53.8062

 -1.55525 53.8061

 -1.55525 53.8061

 -1.55525 53.8061

 -1.55526 53.8061

 -1.55526 53.8061

 -1.55526 53.8061

 -1.55527 53.8061

 -1.55528 53.8061

 -1.5553 53.806

 -1.55532 53.806

 -1.55533 53.806

 -1.55535 53.806

 -1.55536 53.806

 -1.55538 53.806

 -1.55539 53.806

 -1.5554 53.806

 -1.55541 53.806

 -1.55542 53.806

 -1.55544 53.806

 -1.55539 53.806

 -1.5554 53.806

 -1.5554 53.8061

 -1.5554 53.8061

 -1.55541 53.8061

 -1.55542 53.8061

 -1.55543 53.8061

 -1.55543 53.8061

 -1.55543 53.8061

 -1.55697 53.806

 -1.55691 53.806

 -1.55685 53.806

 -1.55678 53.806

 -1.55668 53.8061

 -1.55659 53.8061

 -1.55652 53.8061

 -1.55648 53.8061

 -1.55647 53.8061

 -1.55646 53.8062

 -1.55641 53.8062

 -1.55565 53.806

 -1.55586 53.806

 -1.55624 53.8059

 -1.55634 53.8058

 -1.55645 53.8058

 -1.55649 53.8058

 -1.55647 53.8059

 -1.55647 53.806

 -1.55613 53.806

 -1.55661 53.8058

 -1.5566 53.8056

 -1.5566 53.8054

 -1.55652 53.8054

 -1.55635 53.8054

 -1.55635 53.8054

 -1.55635 53.8056

 -1.55645 53.8056

 -1.55682 53.8058

 -1.55678 53.8056

 -1.5548 53.8035

 -1.5548 53.8034

 -1.55478 53.8039

 -1.55479 53.8037

 -1.55457 53.8037

 -1.55391 53.8047

 -1.55356 53.8046

 -1.55458 53.8047

 -1.54604 53.8016

 -1.54629 53.802

 -1.547 53.8019

 -1.54566 53.8022

 -1.54935 53.8027

 -1.5495 53.8028

 -1.54721 53.8046

 -1.54721 53.8043

 -1.54717 53.8041

 -1.54716 53.8041

 -1.54714 53.804

 -1.55611 53.8109

 -1.55621 53.811

 -1.55624 53.811

 -1.55517 53.8099

 -1.55512 53.81

 -1.55487 53.8104

 -1.55474 53.8105

 -1.55469 53.8106

 -1.55447 53.8109

 -1.55442 53.811

 -1.54787 53.8045

 -1.54739 53.8044

 -1.54742 53.8045

 -1.54605 53.8028

 -1.54531 53.803

 -1.54352 53.8039

 -1.5433 53.8041

 -1.54524 53.8029

 -1.54396 53.8026

 -1.54372 53.8025

 -1.5431 53.8024

 -1.54335 53.8031

 -1.5431 53.803

 -1.54345 53.8031

 -1.54362 53.8033

 -1.54404 53.8034

 -1.5436 53.8043

 -1.54376 53.8043

 -1.54388 53.8044

 -1.54398 53.8044

 -1.5441 53.8044

 -1.54418 53.8045

 -1.54437 53.8045

 -1.54455 53.8045

 -1.54474 53.8045

 -1.54489 53.8044

 -1.54501 53.8043

 -1.54519 53.8042

 -1.54697 53.8042

 -1.54702 53.8041

 -1.54701 53.8041

 -1.54699 53.804

 -1.54696 53.804

 -1.54692 53.804

 -1.547 53.8039

 -1.5469 53.8037

 -1.54622 53.8031

 -1.546 53.8029

 -1.5474 53.8036

 -1.54744 53.8037

 -1.54745 53.8037

 -1.54758 53.8039

 -1.5439 53.8035

 -1.54341 53.8038

 -1.54327 53.8038

 -1.5431 53.8039

 -1.54587 53.8026

 -1.54567 53.8024

 -1.54545 53.802

 -1.54543 53.802

 -1.55891 53.8071

 -1.55858 53.8068

 -1.55912 53.8068

 -1.55895 53.8068

 -1.55878 53.8068

 -1.55869 53.8068

 -1.55468 53.811

 -1.55509 53.8108

 -1.5548 53.8107

 -1.55497 53.811

 -1.55505 53.8109

 -1.55504 53.8109

 -1.55504 53.8108

 -1.55512 53.8107

 -1.55515 53.8107

 -1.55485 53.8106

 -1.55511 53.811

 -1.55513 53.811

 -1.55607 53.8107

 -1.5561 53.8108

 -1.55614 53.811

 -1.55584 53.811

 -1.55557 53.8109

 -1.55554 53.8109

 -1.55547 53.8108

 -1.55568 53.8108

 -1.55581 53.8109

 -1.55589 53.8109

 -1.54631 53.811

 -1.54636 53.8108

 -1.54519 53.811

 -1.54535 53.8109

 -1.54547 53.811

 -1.54474 53.8105

 -1.54457 53.8104

 -1.54448 53.8106

 -1.54442 53.8106

 -1.54409 53.8108

 -1.54398 53.8108

 -1.54405 53.8109

 -1.544 53.8109

 -1.54382 53.811

 -1.54519 53.811

 -1.54904 53.8104

 -1.54885 53.8104

 -1.54882 53.8104

 -1.54879 53.8103

 -1.54864 53.8103

 -1.54852 53.8103

 -1.54839 53.8102

 -1.54823 53.8102

 -1.54818 53.8102

 -1.54847 53.8104

 -1.54843 53.8105

 -1.5484 53.8105

 -1.54835 53.8106

 -1.54833 53.8106

 -1.54828 53.8106

 -1.54825 53.8106

 -1.54818 53.8105

 -1.54809 53.8105

 -1.54804 53.8105

 -1.54803 53.8105

 -1.54805 53.8104

 -1.54809 53.8103

 -1.54813 53.8102

 -1.54819 53.8101

 -1.54819 53.8101

 -1.54819 53.81

 -1.54819 53.8099

 -1.54821 53.8098

 -1.54825 53.8098

 -1.54832 53.8097

 -1.54905 53.8105

 -1.54894 53.8107

 -1.5489 53.8108

 -1.54888 53.8109

 -1.54886 53.811

 -1.54886 53.811

 -1.54811 53.811

 -1.54696 53.8109

 -1.54669 53.8109

 -1.55015 53.8098

 -1.54984 53.8097

 -1.5506 53.8096

 -1.55027 53.8095

 -1.55003 53.8094

 -1.5431 53.8105

 -1.54332 53.8104

 -1.54387 53.8108

 -1.5436 53.8109

 -1.54344 53.8108

 -1.54325 53.8107

 -1.5431 53.8108

 -1.5431 53.8108

 -1.54316 53.8108

 -1.54332 53.8109

 -1.54369 53.811

 -1.54381 53.811

 -1.54465 53.811

 -1.54453 53.8109

 -1.5444 53.811

 -1.54445 53.811

 -1.54427 53.8109

 -1.5441 53.811

 -1.54401 53.8107

 -1.54346 53.8102

 -1.54357 53.8101

 -1.54389 53.8102

 -1.54387 53.8103

 -1.54384 53.8105

 -1.54406 53.8105

 -1.54389 53.8106

 -1.54313 53.8099

 -1.5431 53.8099

 -1.54322 53.8103

 -1.5431 53.8103

 -1.55157 53.811

 -1.55156 53.8109

 -1.5513 53.8108

 -1.55104 53.8108

 -1.55089 53.8109

 -1.55088 53.811

 -1.55088 53.811

 -1.55131 53.8108

 -1.55134 53.8108

 -1.55138 53.8107

 -1.5514 53.8107

 -1.55114 53.8105

 -1.55071 53.8104

 -1.55179 53.8099

 -1.55157 53.8101

 -1.55147 53.8102

 -1.55142 53.8102

 -1.55125 53.8104

 -1.55085 53.8103

 -1.55104 53.8101

 -1.55111 53.8101

 -1.55146 53.8106

 -1.54493 53.8065

 -1.54699 53.8078

 -1.54702 53.8079

 -1.54716 53.808

 -1.54734 53.8081

 -1.54444 53.8074

 -1.54425 53.8073

 -1.5431 53.8084

 -1.54327 53.8084

 -1.54318 53.8083

 -1.5431 53.8082

 -1.54463 53.8067

 -1.54445 53.8068

 -1.54428 53.8068

 -1.54402 53.807

 -1.54366 53.8081

 -1.54335 53.8079

 -1.54418 53.8084

 -1.54401 53.8085

 -1.54417 53.8086

 -1.54428 53.8088

 -1.54424 53.8088

 -1.5443 53.8088

 -1.54446 53.809

 -1.54444 53.8091

 -1.54439 53.8094

 -1.54436 53.8095

 -1.54434 53.8097

 -1.54425 53.8097

 -1.54411 53.8097

 -1.54476 53.8091

 -1.5441 53.8097

 -1.54415 53.8095

 -1.54428 53.8095

 -1.54416 53.8094

 -1.54401 53.8094

 -1.54391 53.8094

 -1.54384 53.8094

 -1.5438 53.8095

 -1.54378 53.8097

 -1.5437 53.81

 -1.54416 53.8092

 -1.54418 53.8091

 -1.5442 53.809

 -1.54431 53.809

 -1.54417 53.8089

 -1.54387 53.8086

 -1.54372 53.8085

 -1.54346 53.8083

 -1.5431 53.8089

 -1.54316 53.8089

 -1.54355 53.8087

 -1.54358 53.8087

 -1.54383 53.8086

 -1.54386 53.8084

 -1.54438 53.8086

 -1.5431 53.8088

 -1.5519 53.8099

 -1.55186 53.8099

 -1.55159 53.8098

 -1.55133 53.8097

 -1.55173 53.8103

 -1.552 53.8098

 -1.55142 53.8094

 -1.55126 53.8094

 -1.55139 53.8094

 -1.55156 53.8094

 -1.55169 53.8094

 -1.55184 53.8095

 -1.55189 53.8096

 -1.55186 53.8096

 -1.55189 53.8096

 -1.55192 53.8096

 -1.55185 53.8097

 -1.5521 53.8098

 -1.55216 53.8098

 -1.55221 53.8098

 -1.55233 53.8098

 -1.55145 53.8096

 -1.55135 53.8097

 -1.55153 53.8106

 -1.55203 53.8102

 -1.55207 53.8099

 -1.55203 53.8099

 -1.55198 53.8099

 -1.55193 53.8099

 -1.55186 53.8099

 -1.55226 53.8101

 -1.54953 53.8077

 -1.54964 53.8076

 -1.54978 53.8075

 -1.55061 53.8079

 -1.55093 53.8082

 -1.551 53.8081

 -1.55097 53.8081

 -1.5527 53.8097

 -1.55311 53.8093

 -1.55345 53.8098

 -1.55374 53.8094

 -1.55313 53.811

 -1.55349 53.8105

 -1.55376 53.8102

 -1.55378 53.8102

 -1.55407 53.8098

 -1.55409 53.8098

 -1.55418 53.8096

 -1.55382 53.8106

 -1.55405 53.8102

 -1.55437 53.8099

 -1.55991 53.8065

 -1.56046 53.8067

 -1.55997 53.8065

 -1.56035 53.8064

 -1.56048 53.8064

 -1.564 53.808

 -1.56187 53.8084

 -1.56203 53.8082

 -1.56213 53.8081

 -1.5623 53.8079

 -1.56245 53.8077

 -1.56246 53.8077

 -1.56242 53.8076

 -1.56235 53.8075

 -1.5613 53.8072

 -1.56119 53.8073

 -1.56106 53.8073

 -1.56094 53.8073

 -1.5604 53.8072

 -1.56017 53.8071

 -1.56249 53.808

 -1.56268 53.8077

 -1.54935 53.8028

 -1.54929 53.8028

 -1.54912 53.8028

 -1.54723 53.8038

 -1.54737 53.8037

 -1.54795 53.8035

 -1.54752 53.8039

 -1.54737 53.804

 -1.54729 53.804

 -1.55818 53.803

 -1.5584 53.803

 -1.55961 53.8032

 -1.55981 53.8033

 -1.56024 53.8034

 -1.56055 53.8035

 -1.56073 53.8036

 -1.56082 53.8037

 -1.56097 53.8039

 -1.56102 53.8039

 -1.56104 53.804

 -1.56107 53.8041

 -1.56107 53.8042

 -1.56107 53.8044

 -1.56107 53.8046

 -1.55756 53.8035

 -1.55728 53.8034

 -1.55709 53.8034

 -1.5569 53.8035

 -1.54711 53.8039

 -1.54709 53.8039

 -1.5468 53.8035

 -1.55141 53.803

 -1.55138 53.803

 -1.55137 53.803

 -1.5514 53.8029

 -1.55146 53.8029

 -1.55155 53.8029

 -1.5516 53.8029

 -1.55162 53.803

 -1.55161 53.803

 -1.55154 53.803

 -1.55147 53.803

 -1.55082 53.8048

 -1.55104 53.8047

 -1.55124 53.8047

 -1.55146 53.8046

 -1.55186 53.8047

 -1.55189 53.8046

 -1.552 53.8044

 -1.55601 53.8104

 -1.5431 53.8064

 -1.54322 53.8064

 -1.54434 53.8072

 -1.55639 53.8023

 -1.55567 53.8016

 -1.55564 53.8018

 -1.5557 53.802

 -1.55594 53.8022

 -1.55601 53.8022

 -1.55609 53.8023

 -1.55607 53.8024

 -1.55598 53.8025

 -1.55577 53.8025

 -1.55572 53.8025

 -1.55574 53.8024

 -1.55582 53.8023

 -1.55591 53.8023

 -1.55612 53.8056

 -1.55469 53.8056

 -1.55394 53.8056

 -1.55421 53.8054

 -1.55401 53.8054

 -1.55401 53.8055

 -1.55098 53.8034

 -1.55279 53.8037

 -1.55278 53.8037

 -1.55298 53.8037

 -1.55349 53.8037

 -1.55297 53.8041

 -1.55232 53.8041

 -1.55251 53.8037

 -1.55153 53.8042

 -1.55203 53.8037

 -1.55429 53.8038

 -1.5542 53.8038

 -1.55418 53.8039

 -1.55417 53.804

 -1.55418 53.8045

 -1.55418 53.8046

 -1.5544 53.8046

 -1.5544 53.8046

 -1.55469 53.8046

 -1.55518 53.8046

 -1.55518 53.8041

 -1.55738 53.8037

 -1.55726 53.8039

 -1.55692 53.8042

 -1.55669 53.8035

 -1.55664 53.8034

 -1.55665 53.8032

 -1.55663 53.8031

 -1.55654 53.803

 -1.55639 53.8029

 -1.55634 53.8028

 -1.5564 53.8028

 -1.55666 53.8026

 -1.55608 53.8054

 -1.54632 53.8028

 -1.54627 53.803

 -1.54631 53.8027

 -1.54429 53.8016

 -1.54449 53.802

 -1.5453 53.8018

 -1.54538 53.8016

 -1.54543 53.8019

 -1.54538 53.8018

 -1.54532 53.8016

 -1.5453 53.8016

 -1.5555 53.8071

 -1.55592 53.8108

 -1.55583 53.811

 -1.5555 53.8101

 -1.55526 53.8103

 -1.55856 53.8089

 -1.55872 53.809

 -1.55719 53.8108

 -1.55743 53.8107

 -1.55712 53.8104

 -1.55581 53.8107

 -1.55563 53.8107

 -1.55233 53.8086

 -1.55232 53.8084

 -1.55243 53.8085

 -1.55253 53.8086

 -1.55256 53.8087

 -1.55196 53.8075

 -1.55182 53.8074

 -1.55247 53.8087

 -1.55576 53.8105

 -1.55561 53.8105

 -1.55958 53.8079

 -1.55935 53.8082

 -1.5591 53.8084

 -1.55874 53.8087

 -1.55844 53.8091

 -1.55831 53.8094

 -1.55828 53.8095

 -1.55824 53.8096

 -1.55805 53.8098

 -1.5579 53.81

 -1.5577 53.8101

 -1.55739 53.8103

 -1.55611 53.8105

 -1.55608 53.8105

 -1.55603 53.8104

 -1.55588 53.8103

 -1.55573 53.8102

 -1.55562 53.8101

 -1.55531 53.81

 -1.54522 53.8017

 -1.5452 53.8016

 -1.54908 53.8016

 -1.54908 53.8019

 -1.54909 53.8021

 -1.54918 53.8023

 -1.54747 53.8051

 -1.54793 53.8051

 -1.54858 53.805

 -1.54909 53.8049

 -1.55002 53.8047

 -1.5506 53.8045

 -1.54998 53.8032

 -1.55042 53.8035

 -1.55055 53.8035

 -1.54873 53.803

 -1.54899 53.8054

 -1.5459 53.809

 -1.54555 53.8088

 -1.54444 53.8081

 -1.54377 53.8077

 -1.54367 53.8077

 -1.54353 53.8078

 -1.5431 53.8082

 -1.54619 53.8108

 -1.54462 53.8104

 -1.54418 53.8103

 -1.54368 53.8102

 -1.5433 53.81

 -1.5431 53.8099

 -1.55668 53.811

 -1.55649 53.8109

 -1.55189 53.8086

 -1.55173 53.8085

 -1.55151 53.8084

 -1.55079 53.8081

 -1.54909 53.8071

 -1.55168 53.8034

 -1.55176 53.8034

 -1.55117 53.8033

 -1.55143 53.8031

 -1.55149 53.8031

 -1.55154 53.8031

 -1.55162 53.803

 -1.55167 53.803

 -1.55167 53.8029

 -1.55162 53.8029

 -1.55166 53.8028

 -1.55177 53.8029

 -1.55177 53.803

 -1.54705 53.8055

 -1.54697 53.8056

 -1.54691 53.8057

 -1.5467 53.8057

 -1.54703 53.8055

 -1.547 53.8054

 -1.54645 53.805

 -1.54681 53.8051

 -1.54571 53.8048

 -1.54584 53.8047

 -1.54601 53.8045

 -1.54617 53.8043

 -1.54636 53.8042

 -1.54651 53.8041

 -1.54669 53.8041

 -1.54695 53.8041

 -1.54651 53.8054

 -1.54653 53.8054

 -1.54658 53.8055

 -1.5473 53.8055

 -1.54743 53.8055

 -1.54749 53.8056

 -1.54757 53.8057

 -1.54766 53.8058

 -1.54334 53.8047

 -1.54386 53.8048

 -1.54435 53.8049

 -1.54488 53.8049

 -1.54514 53.8049

 -1.54539 53.8049

 -1.54556 53.8049

 -1.5431 53.8046

 -1.5458 53.8046

 -1.54581 53.8045

 -1.54574 53.8043

 -1.54749 53.8041

 -1.54759 53.8041

 -1.54773 53.8041

 -1.54794 53.8043

 -1.55695 53.8072

 -1.55847 53.802

 -1.55819 53.8019

 -1.56189 53.8017

 -1.56209 53.8017

 -1.5608 53.8024

 -1.55998 53.803

 -1.56035 53.803

 -1.55961 53.8029

 -1.56026 53.8033

 -1.56048 53.8033

 -1.56055 53.8034

 -1.56149 53.8025

 -1.56198 53.8027

 -1.56203 53.8016

 -1.56216 53.8018

 -1.5622 53.8019

 -1.56224 53.8019

 -1.5623 53.8019

 -1.56236 53.802

 -1.56252 53.802

 -1.5626 53.802

 -1.56256 53.8021

 -1.5431 53.8065

 -1.54717 53.8073

 -1.54743 53.8075

 -1.54779 53.8076

 -1.56219 53.8049

 -1.56188 53.8049

 -1.56147 53.8049

 -1.56106 53.8048

 -1.564 53.8037

 -1.55804 53.8017

 -1.55753 53.8022

 -1.56277 53.8017

 -1.56126 53.8062

 -1.56101 53.8066

 -1.564 53.806

 -1.55193 53.8055

 -1.5509 53.8055

 -1.55079 53.8055

 -1.55387 53.8058

 -1.55387 53.8059

 -1.55385 53.8061

 -1.55342 53.8061

 -1.55295 53.8061

 -1.55411 53.8062

 -1.55439 53.8065

 -1.55441 53.8065

 -1.55456 53.8068

 -1.55457 53.8069

 -1.55387 53.8057

 -1.55693 53.8072

 -1.55697 53.8071

 -1.55531 53.8069

 -1.55525 53.807

 -1.55555 53.8071

 -1.55556 53.807

 -1.56249 53.8088

 -1.56236 53.809

 -1.55971 53.8082

 -1.55985 53.808

 -1.55656 53.8049

 -1.55652 53.8051

 -1.55652 53.8053

 -1.55675 53.8053

 -1.55688 53.8053

 -1.55696 53.8054

 -1.55697 53.8054

 -1.55697 53.8054

 -1.55691 53.8054

 -1.55691 53.8055

 -1.55703 53.8055

 -1.55703 53.8055

 -1.55691 53.8055

 -1.55691 53.8055

 -1.55703 53.8055

 -1.55703 53.8055

 -1.55691 53.8056

 -1.55691 53.8058

 -1.55929 53.811

 -1.55885 53.8109

 -1.55878 53.8108

 -1.55858 53.8107

 -1.5587 53.8044

 -1.55892 53.8044

 -1.55827 53.8041

 -1.55961 53.8057

 -1.55984 53.8055

 -1.55984 53.8054

 -1.55582 53.8049

 -1.556 53.805

 -1.55604 53.8052

 -1.55599 53.8053

 -1.55495 53.8075

 -1.55469 53.8076

 -1.55465 53.8078

 -1.55457 53.8081

 -1.55441 53.8082

 -1.55438 53.8083

 -1.5542 53.8083

 -1.54489 53.805

 -1.54516 53.805

 -1.54591 53.805

 -1.54637 53.805

 -1.54691 53.804

 -1.56071 53.8075

 -1.56084 53.8077

 -1.56096 53.8078

 -1.56126 53.807

 -1.56082 53.8065

 -1.56081 53.8077

 -1.55776 53.8053

 -1.5577 53.8053

 -1.55726 53.8052

 -1.55723 53.8051

 -1.55907 53.8059

 -1.559 53.8062

 -1.55922 53.806

 -1.54844 53.8074

 -1.54845 53.8073

 -1.54862 53.8071

 -1.54871 53.807

 -1.54824 53.8076

 -1.54799 53.8077

 -1.54788 53.8078

 -1.54716 53.8082

 -1.54673 53.8085

 -1.54645 53.8087

 -1.54622 53.8089

 -1.54894 53.8071

 -1.5488 53.8071

 -1.54876 53.8071

 -1.5605 53.8065

 -1.56066 53.8065

 -1.56305 53.8071

 -1.56373 53.8072

 -1.564 53.8072

 -1.55878 53.8062

 -1.55883 53.8063

 -1.55765 53.8061

 -1.55746 53.8061

 -1.5572 53.806

 -1.54872 53.8069

 -1.54852 53.8068

 -1.5481 53.8065

 -1.54773 53.8062

 -1.54757 53.806

 -1.55228 53.8073

 -1.55236 53.8073

 -1.55211 53.8075

 -1.55215 53.8076

 -1.54712 53.8039

 -1.54716 53.8038

 -1.54722 53.8059

 -1.54691 53.8058

 -1.5464 53.8055

 -1.54598 53.8054

 -1.54545 53.8054

 -1.54485 53.8054

 -1.5443 53.8053

 -1.54362 53.8052

 -1.5431 53.8046

 -1.54311 53.8046

 -1.54336 53.8047

 -1.54381 53.8048

 -1.54436 53.8049

 -1.54848 53.8066

 -1.54865 53.8067

 -1.54873 53.8067

 -1.54709 53.8058

 -1.54705 53.8057

 -1.54706 53.8057

 -1.54755 53.8061

 -1.54739 53.806

 -1.54798 53.8042

 -1.54711 53.8043

 -1.54686 53.8042

 -1.54669 53.8042

 -1.54651 53.8042

 -1.54634 53.8043

 -1.54622 53.8045

 -1.54618 53.8046

 -1.54618 53.8048

 -1.54622 53.8049

 -1.54628 53.805

 -1.55403 53.8093

 -1.55427 53.8096

 -1.55417 53.8092

 -1.55408 53.8093

 -1.5609 53.8085

 -1.56265 53.802

 -1.55322 53.8089

 -1.55332 53.8089

 -1.55339 53.8089

 -1.55303 53.8089

 -1.55299 53.8089

 -1.55296 53.8089

 -1.55281 53.809

 -1.55416 53.8096

 -1.55399 53.8093

 -1.55393 53.8093

 -1.55386 53.8093

 -1.5538 53.8093

 -1.55373 53.8093

 -1.55138 53.8094

 -1.55139 53.8095

 -1.55141 53.8095

 -1.55142 53.8095

 -1.55144 53.8096

 -1.55559 53.8016

 -1.54872 53.8072

 -1.54859 53.8073

 -1.54882 53.8071

 -1.54886 53.8067

 -1.54888 53.8069

 -1.55508 53.8104

 -1.55519 53.8104

 -1.55529 53.8105

 -1.55528 53.8105

 -1.5453 53.809

 -1.54497 53.8094

 -1.54502 53.8095

 -1.54515 53.8097

 -1.54485 53.8101

 -1.5448 53.8102

 -1.5457 53.8097

 -1.5458 53.8095

 -1.54593 53.8095

 -1.54608 53.8093

 -1.54558 53.8099

 -1.5455 53.81

 -1.54606 53.81

 -1.5459 53.8102

 -1.54575 53.8104

 -1.54622 53.806

 -1.54565 53.8063

 -1.54512 53.8064

 -1.54476 53.8066

 -1.54448 53.807

 -1.5444 53.8071

 -1.54386 53.8075

 -1.54611 53.8099

 -1.54616 53.8098

 -1.54633 53.8099

 -1.54648 53.8099

 -1.54381 53.8108

 -1.5431 53.8104

 -1.55343 53.8068

 -1.55389 53.8069

 -1.55186 53.8085

 -1.54434 53.8102

 -1.54389 53.81

 -1.54354 53.81

 -1.54344 53.81

 -1.55211 53.8061

 -1.55228 53.8061

 -1.54413 53.8023

 -1.54503 53.8025

 -1.54514 53.8027

 -1.54434 53.802

 -1.5431 53.804

 -1.54336 53.8039

 -1.5444 53.8033

 -1.54894 53.8066

 -1.5488 53.8068

 -1.55247 53.8086

 -1.55244 53.8086

 -1.5566 53.8109

 -1.55655 53.8108

 -1.54867 53.8066

 -1.54868 53.8066

 -1.54877 53.8066

 -1.54881 53.8067

 -1.54885 53.8066

 -1.54873 53.8068

 -1.54887 53.8066

 -1.5579 53.8035

 -1.56104 53.805

 -1.561 53.8051

 -1.56085 53.8053

 -1.5606 53.8058

 -1.56051 53.8059

 -1.56044 53.806

 -1.56044 53.8063

 -1.5605 53.8065

 -1.55995 53.8074

 -1.55973 53.8077

 -1.55602 53.8016

 -1.55449 53.8097

 -1.55428 53.8097

 -1.55322 53.8092

 -1.55293 53.809

 -1.54776 53.806

 -1.54801 53.8063

 -1.54827 53.8065

 -1.5485 53.8107

 -1.54825 53.8105

 -1.54815 53.8105

 -1.54825 53.8106

 -1.54804 53.8106

 -1.548 53.8106

 -1.54791 53.8106

 -1.54786 53.8107

 -1.54782 53.8107

 -1.54779 53.8107

 -1.54831 53.8106

 -1.54884 53.8103

 -1.54885 53.8102

 -1.54852 53.8104

 -1.5486 53.8104

 -1.5486 53.8105

 -1.54858 53.8105

 -1.54857 53.8105

 -1.54858 53.8105

 -1.54863 53.8104

 -1.54877 53.8104

 -1.54883 53.8104

 -1.54827 53.8104

 -1.54828 53.8104

 -1.54827 53.8104

 -1.54825 53.8105

 -1.54797 53.8106

 -1.54793 53.8106

 -1.54786 53.8106

 -1.5477 53.8106

 -1.54759 53.8106

 -1.54755 53.8106

 -1.54754 53.8107

 -1.54752 53.8107

 -1.5475 53.8108

 -1.54847 53.8107

 -1.54847 53.8107

 -1.54846 53.8107

 -1.54845 53.8108

 -1.54845 53.8108

 -1.54845 53.8108

 -1.54822 53.8102

 -1.54821 53.8102

 -1.54822 53.8103

 -1.54823 53.8103

 -1.5482 53.8104

 -1.5483 53.8104

 -1.54833 53.8103

 -1.5488 53.8103

 -1.54869 53.8102

 -1.54871 53.8102

 -1.5484 53.8107

 -1.54844 53.8107

 -1.54855 53.8107

 -1.54858 53.8107

 -1.54862 53.8107

 -1.54863 53.8107

 -1.54861 53.8106

 -1.5486 53.8106

 -1.54859 53.8106

 -1.54854 53.8105

 -1.5485 53.8105

 -1.54846 53.8105

 -1.54843 53.8105

 -1.54836 53.8097

 -1.54838 53.8096

 -1.54836 53.8107

 -1.54831 53.8107

 -1.54825 53.8107

 -1.5482 53.8107

 -1.54771 53.8105

 -1.54774 53.8105

 -1.54776 53.8105

 -1.54784 53.8105

 -1.54786 53.8104

 -1.5479 53.8104

 -1.548 53.8104

 -1.55064 53.8103

 -1.55056 53.8103

 -1.55256 53.8103

 -1.55222 53.8102

 -1.5525 53.8104

 -1.55213 53.8103

 -1.5513 53.8097

 -1.55122 53.8097

 -1.55109 53.8097

 -1.55101 53.8097

 -1.55093 53.8097

 -1.55087 53.8097

 -1.55084 53.8098

 -1.55081 53.8098

 -1.55076 53.8099

 -1.55072 53.8099

 -1.5507 53.8099

 -1.55071 53.81

 -1.55072 53.8101

 -1.55068 53.8103

 -1.55067 53.8103

 -1.55061 53.8104

 -1.55061 53.8104

 -1.55061 53.8105

 -1.55061 53.8107

 -1.55064 53.8109

 -1.55065 53.8109

 -1.55074 53.811

 -1.55082 53.811

 -1.55125 53.8096

 -1.55114 53.8096

 -1.55108 53.8096

 -1.55106 53.8095

 -1.5511 53.8095

 -1.55117 53.8094

 -1.551 53.81

 -1.55106 53.8099

 -1.5511 53.8099

 -1.55128 53.8098

 -1.5532 53.81

 -1.55329 53.8099

 -1.55375 53.8096

 -1.55185 53.8106

 -1.55192 53.8106

 -1.55199 53.8107

 -1.55206 53.8107

 -1.55209 53.8107

 -1.55208 53.8107

 -1.55206 53.8108

 -1.55201 53.8108

 -1.55193 53.8108

 -1.55183 53.8108

 -1.55279 53.8099

 -1.55288 53.8098

 -1.55191 53.811

 -1.55183 53.811

 -1.55174 53.8109

 -1.55312 53.8098

 -1.55303 53.81

 -1.55126 53.81

 -1.55123 53.81

 -1.55335 53.8094

 -1.55328 53.8094

 -1.55321 53.8093

 -1.55304 53.81

 -1.55289 53.8099

 -1.55276 53.8099

 -1.55265 53.8099

 -1.55256 53.8099

 -1.55249 53.81

 -1.55244 53.81

 -1.55234 53.8101

 -1.5523 53.8101

 -1.55211 53.8103

 -1.55197 53.8104

 -1.55178 53.8107

 -1.55175 53.8108

 -1.55009 53.8102

 -1.54869 53.8101

 -1.54797 53.8105

 -1.54778 53.8105

 -1.54904 53.8107

 -1.55655 53.8102

 -1.5567 53.8102

 -1.55688 53.81

 -1.55638 53.8097

 -1.55655 53.8096

 -1.54338 53.8094

 -1.54336 53.8094

 -1.5431 53.8096

 -1.54372 53.8087

 -1.5437 53.8088

 -1.54372 53.8088

 -1.54375 53.8088

 -1.54374 53.8089

 -1.54371 53.8089

 -1.54368 53.8089

 -1.54319 53.8091

 -1.54311 53.8092

 -1.54358 53.8094

 -1.54346 53.8099

 -1.54403 53.8098

 -1.54394 53.8098

 -1.54394 53.8098

 -1.54393 53.8098

 -1.54392 53.8099

 -1.54486 53.8095

 -1.54468 53.8095

 -1.54481 53.8089

 -1.54447 53.8085

 -1.54438 53.8085

 -1.54424 53.8093

 -1.54428 53.8091

 -1.54364 53.8088

 -1.54358 53.8088

 -1.54451 53.8099

 -1.54545 53.8101

 -1.5454 53.8102

 -1.54536 53.8102

 -1.54532 53.8103

 -1.54527 53.8103

 -1.54523 53.8103

 -1.54517 53.8103

 -1.54509 53.8103

 -1.54499 53.8103

 -1.54486 53.8102

 -1.54466 53.8102

 -1.54445 53.8102

 -1.54464 53.8104

 -1.54429 53.8082

 -1.54425 53.8083

 -1.54425 53.8084

 -1.54431 53.8084

 -1.54435 53.8084

 -1.5443 53.8085

 -1.5442 53.8086

 -1.54471 53.8103

 -1.54359 53.8093

 -1.5436 53.8093

 -1.54364 53.8093

 -1.54383 53.8092

 -1.54384 53.8092

 -1.54376 53.8091

 -1.54371 53.8091

 -1.54356 53.8092

 -1.54355 53.8092

 -1.55276 53.8103

 -1.55262 53.8105

 -1.55269 53.8103

 -1.55265 53.8103

 -1.55261 53.8103

 -1.5526 53.8103

 -1.55259 53.8102

 -1.55255 53.8102

 -1.5522 53.8076

 -1.55224 53.8076

 -1.55227 53.8075

 -1.55229 53.8075

 -1.55231 53.8074

 -1.55227 53.8073

 -1.55217 53.8073

 -1.55203 53.8074

 -1.55204 53.8074

 -1.5488 53.8104

 -1.54875 53.8106

 -1.54868 53.8106

 -1.54863 53.8106

 -1.54861 53.8107

 -1.5487 53.8107

 -1.54867 53.8106

 -1.54871 53.8106

 -1.54871 53.8106

 -1.54872 53.8106

 -1.5488 53.8106

 -1.55178 53.8096

 -1.55678 53.8105

 -1.5566 53.8106

 -1.54546 53.8029

 -1.54562 53.8028

 -1.54573 53.8027

 -1.5461 53.8029

 -1.5477 53.8026

 -1.54863 53.8029

 -1.55993 53.8082

 -1.55981 53.8083

 -1.55973 53.8082

 -1.55969 53.8082

 -1.55976 53.8081

 -1.564 53.8096

 -1.56392 53.8095

 -1.56319 53.8093

 -1.56116 53.8086

 -1.56064 53.8084

 -1.56023 53.8083

 -1.56183 53.811

 -1.56167 53.8109

 -1.55418 53.8041

 -1.56072 53.811

 -1.564 53.8045

 -1.564 53.8029

 -1.564 53.8029

 -1.564 53.8029

 -1.55088 53.811

 -1.55088 53.811

 -1.55088 53.811

 -1.55088 53.811

 -1.55088 53.811

 -1.5557 53.8016

 -1.54738 53.8016

 -1.55642 53.8016

 -1.54756 53.8016

 -1.55311 53.8057

 -1.55468 53.811

 -1.55468 53.811

 -1.54519 53.811

 -1.54519 53.811

 -1.54547 53.811

 -1.54547 53.811

 -1.5431 53.8105

 -1.55157 53.811

 -1.55157 53.811

 -1.54429 53.8016

 -1.55668 53.811

 -1.55668 53.811

 -1.55668 53.811

 -1.55668 53.811

 -1.55668 53.811

 -1.55668 53.811

 -1.5431 53.8046

 -1.55602 53.8016

 -1.55602 53.8016

 -1.55602 53.8016

 -1.55607 53.8057

 -1.55597 53.8057

 -1.55596 53.8057

 -1.55607 53.8057

 -1.55741 53.807

 -1.55733 53.8072

 -1.55754 53.8072

 -1.55762 53.8071

 -1.5577 53.8066

 -1.55785 53.8064

 -1.55806 53.8064

 -1.55791 53.8067

 -1.55797 53.8072

 -1.55811 53.8072

 -1.55803 53.8073

 -1.55789 53.8073

 -1.55786 53.8067

 -1.55765 53.8067

 -1.55832 53.8067

 -1.55846 53.8067

 -1.55855 53.8066

 -1.55841 53.8065

 -1.55836 53.8068

 -1.55822 53.8068

 -1.55829 53.8069

 -1.55815 53.8069

 -1.55825 53.807

 -1.55811 53.807

 -1.55818 53.8071

 -1.55804 53.8071

 -1.55861 53.8072

 -1.55844 53.8072

 -1.5583 53.8073

 -1.55847 53.8074

 -1.55869 53.8071

 -1.55852 53.807

 -1.55876 53.807

 -1.55883 53.8069

 -1.55866 53.8069

 -1.55933 53.8075

 -1.55951 53.8075

 -1.55936 53.8078

 -1.55918 53.8077

 -1.55959 53.8074

 -1.55941 53.8074

 -1.5597 53.8072

 -1.55953 53.8072

 -1.55976 53.8071

 -1.55958 53.8071

 -1.5598 53.8071

 -1.55962 53.807

 -1.55988 53.807

 -1.5597 53.8069

 -1.55899 53.8075

 -1.55912 53.8073

 -1.55895 53.8073

 -1.55881 53.8075

 -1.55946 53.8069

 -1.55928 53.8068

 -1.55916 53.807

 -1.5591 53.8071

 -1.55947 53.8056

 -1.55961 53.8055

 -1.55944 53.8055

 -1.5593 53.8056

 -1.55923 53.8055

 -1.55937 53.8054

 -1.55919 53.8054

 -1.55905 53.8055

 -1.55884 53.8054

 -1.55897 53.8053

 -1.55908 53.8053

 -1.55894 53.8054

 -1.55873 53.8054

 -1.55886 53.8052

 -1.55857 53.8053

 -1.55871 53.8052

 -1.55745 53.8049

 -1.5576 53.8049

 -1.55774 53.8048

 -1.55758 53.8048

 -1.55773 53.805

 -1.55787 53.8049

 -1.55791 53.8051

 -1.55805 53.8049

 -1.55821 53.8052

 -1.55835 53.805

 -1.5586 53.8046

 -1.55873 53.8045

 -1.55854 53.8045

 -1.55842 53.8046

 -1.55833 53.8045

 -1.55843 53.8044

 -1.55782 53.8042

 -1.55772 53.8043

 -1.55812 53.8045

 -1.55741 53.8044

 -1.55764 53.8042

 -1.55745 53.8041

 -1.55722 53.8044

 -1.55803 53.8037

 -1.55786 53.8039

 -1.55763 53.8039

 -1.55769 53.8038

 -1.55787 53.8039

 -1.55789 53.8038

 -1.55761 53.8037

 -1.5577 53.8036

 -1.55841 53.8033

 -1.55847 53.8032

 -1.55822 53.8031

 -1.55816 53.8033

 -1.55962 53.8035

 -1.55968 53.8034

 -1.5594 53.8034

 -1.55933 53.8035

 -1.56001 53.8036

 -1.56006 53.8035

 -1.55978 53.8034

 -1.55973 53.8035

 -1.5602 53.8042

 -1.56031 53.8041

 -1.55953 53.8038

 -1.55942 53.8039

 -1.55916 53.8038

 -1.55927 53.8037

 -1.55886 53.8036

 -1.55892 53.8034

 -1.55903 53.8035

 -1.55911 53.8033

 -1.55878 53.8033

 -1.55857 53.8036

 -1.55904 53.8042

 -1.55916 53.804

 -1.559 53.804

 -1.55888 53.8041

 -1.55883 53.804

 -1.55893 53.8039

 -1.5588 53.8039

 -1.5587 53.804

 -1.55942 53.8045

 -1.55967 53.8042

 -1.55927 53.8041

 -1.55903 53.8043

 -1.56074 53.8049

 -1.56089 53.8047

 -1.56072 53.8046

 -1.56057 53.8048

 -1.56053 53.8048

 -1.56065 53.8046

 -1.56049 53.8046

 -1.56037 53.8047

 -1.56013 53.8047

 -1.56036 53.8045

 -1.55975 53.8043

 -1.55952 53.8045

 -1.55854 53.804

 -1.55865 53.8039

 -1.55827 53.8037

 -1.55803 53.804

 -1.55832 53.8041

 -1.55845 53.804

 -1.56068 53.8044

 -1.56084 53.8045

 -1.5608 53.804

 -1.56064 53.8039

 -1.56031 53.8037

 -1.56036 53.8036

 -1.56019 53.8035

 -1.56014 53.8036

 -1.56052 53.8038

 -1.56059 53.8037

 -1.56044 53.8037

 -1.56038 53.8037

 -1.56065 53.8039

 -1.56075 53.8038

 -1.56065 53.8038

 -1.56055 53.8038

 -1.55649 53.8086

 -1.55664 53.8087

 -1.55677 53.8087

 -1.55662 53.8085

 -1.55419 53.8054

 -1.55082 53.8054

 -1.55082 53.8055

 -1.5519 53.8055

 -1.554 53.8055

 -1.55419 53.8055

 -1.55419 53.8055

 -1.55419 53.8054

 -1.55681 53.8058

 -1.55668 53.8058

 -1.55669 53.8056

 -1.55682 53.8056

 -1.5544 53.8054

 -1.55461 53.8054

 -1.55469 53.8054

 -1.55633 53.8054

 -1.55633 53.8057

 -1.55607 53.8057

 -1.55607 53.8056

 -1.55465 53.8056

 -1.55465 53.8058

 -1.55448 53.8058

 -1.5544 53.8058

 -1.5544 53.8056

 -1.5544 53.8055

 -1.54352 53.8008

 -1.54352 53.8009

 -1.54343 53.8009

 -1.54342 53.801

 -1.54335 53.801

 -1.54335 53.8011

 -1.54341 53.8011

 -1.54334 53.8012

 -1.5433 53.8013

 -1.54327 53.8013

 -1.54301 53.8018

 -1.54266 53.8018

 -1.54258 53.8019

 -1.54243 53.8019

 -1.54216 53.802

 -1.54233 53.8021

 -1.54244 53.8022

 -1.54244 53.8022

 -1.54397 53.8025

 -1.54486 53.8027

 -1.54564 53.8026

 -1.54527 53.8019

 -1.54473 53.801

 -1.54458 53.801

 -1.54459 53.8009

 -1.54401 53.8009

 -1.54401 53.8009

 -1.54462 53.8029

 -1.54455 53.803

 -1.54449 53.803

 -1.54447 53.803

 -1.54456 53.8031

 -1.54446 53.8032

 -1.54404 53.8034

 -1.54366 53.8033

 -1.54359 53.8032

 -1.54362 53.8032

 -1.54357 53.8032

 -1.54359 53.8031

 -1.54352 53.8031

 -1.54381 53.8027

 -1.54347 53.8027

 -1.54335 53.8029

 -1.5425 53.8027

 -1.54261 53.8026

 -1.54394 53.8035

 -1.54345 53.8037

 -1.54329 53.8038

 -1.5431 53.8039

 -1.54294 53.804

 -1.54265 53.8042

 -1.54246 53.8043

 -1.54183 53.8041

 -1.54114 53.8035

 -1.541 53.8032

 -1.54097 53.8032

 -1.54098 53.8032

 -1.54075 53.8028

 -1.54095 53.8027

 -1.54095 53.8028

 -1.54094 53.8028

 -1.54094 53.8029

 -1.54095 53.8031

 -1.54099 53.8032

 -1.541 53.8032

 -1.54107 53.803

 -1.54149 53.8031

 -1.54169 53.8028

 -1.54341 53.8032

 -1.5436 53.8034

 -1.56276 53.8087

 -1.56294 53.8088

 -1.56403 53.8073

 -1.56387 53.8073

 -1.55241 53.8089

 -1.55228 53.809

 -1.55208 53.8089

 -1.5522 53.8088

 -1.55792 53.8093

 -1.55859 53.8081

 -1.55877 53.8081

 -1.55809 53.8094

 -1.55682 53.8055

 -1.55669 53.8055

 -1.55669 53.8053

 -1.55682 53.8053

 -1.5521 53.8037

 -1.55134 53.8041

 -1.5509 53.8038

 -1.55088 53.8037

 -1.5509 53.8037

 -1.55096 53.8037

 -1.55102 53.8036

 -1.5519 53.8036

 -1.55723 53.8038

 -1.55724 53.8039

 -1.55652 53.8043

 -1.55629 53.8043

 -1.55605 53.8042

 -1.55624 53.8041

 -1.5564 53.8042

 -1.557 53.8038

 -1.55688 53.8037

 -1.55701 53.8036

 -1.55632 53.8054

 -1.5561 53.8054

 -1.5561 53.8048

 -1.55631 53.8048

 -1.55447 53.8051

 -1.55447 53.805

 -1.55439 53.805

 -1.55439 53.8049

 -1.55434 53.8049

 -1.55434 53.8048

 -1.55436 53.8048

 -1.55436 53.8048

 -1.55443 53.8048

 -1.55443 53.8048

 -1.55443 53.8048

 -1.55443 53.8047

 -1.55478 53.8047

 -1.55478 53.8046

 -1.55485 53.8046

 -1.55485 53.8047

 -1.55493 53.8047

 -1.55493 53.8051

 -1.5548 53.8051

 -1.5548 53.805

 -1.55469 53.805

 -1.55469 53.8051

 -1.55461 53.8051

 -1.55355 53.804

 -1.55411 53.804

 -1.55411 53.8044

 -1.55381 53.8044

 -1.55381 53.8045

 -1.55347 53.8045

 -1.55346 53.8045

 -1.55308 53.8045

 -1.55308 53.8044

 -1.55299 53.8044

 -1.55283 53.8044

 -1.55281 53.8044

 -1.55229 53.8044

 -1.55228 53.8041

 -1.55305 53.8041

 -1.55305 53.804

 -1.5573 53.8105

 -1.55801 53.8102

 -1.5582 53.8103

 -1.55811 53.8104

 -1.55808 53.8103

 -1.55805 53.8104

 -1.55806 53.8104

 -1.55798 53.8104

 -1.55793 53.8104

 -1.55774 53.8105

 -1.55792 53.8106

 -1.55775 53.8107

 -1.55755 53.8105

 -1.55741 53.8106

 -1.55348 53.8021

 -1.55292 53.8024

 -1.55256 53.8024

 -1.55262 53.8018

 -1.55369 53.8021

 -1.55326 53.8018

 -1.55352 53.8017

 -1.55356 53.8017

 -1.5537 53.8018

 -1.55383 53.8019

 -1.55394 53.802

 -1.55477 53.8035

 -1.55415 53.8035

 -1.55414 53.8032

 -1.55477 53.8032

 -1.55394 53.8035

 -1.55296 53.8035

 -1.55296 53.803

 -1.55394 53.803

 -1.55242 53.8035

 -1.55176 53.8035

 -1.55241 53.803

 -1.55177 53.8025

 -1.55207 53.8025

 -1.55224 53.8025

 -1.55368 53.8025

 -1.55369 53.8029

 -1.55181 53.8022

 -1.55177 53.8025

 -1.55044 53.8024

 -1.55023 53.8024

 -1.54931 53.8023

 -1.54919 53.8019

 -1.54918 53.8018

 -1.54921 53.8014

 -1.54959 53.8014

 -1.5519 53.8014

 -1.55232 53.8015

 -1.55228 53.8022

 -1.55189 53.8022

 -1.55044 53.8027

 -1.55039 53.8031

 -1.55051 53.8031

 -1.55053 53.8029

 -1.55072 53.8029

 -1.55069 53.8031

 -1.55058 53.8031

 -1.55056 53.8032

 -1.55056 53.8032

 -1.55051 53.8034

 -1.5503 53.8032

 -1.54994 53.803

 -1.54996 53.8027

 -1.54957 53.8026

 -1.54946 53.8025

 -1.55042 53.8026

 -1.5507 53.8026

 -1.55081 53.8025

 -1.55104 53.8027

 -1.55129 53.8026

 -1.55162 53.8026

 -1.55162 53.8027

 -1.55128 53.8027

 -1.55108 53.8028

 -1.55095 53.8032

 -1.55083 53.8032

 -1.55096 53.8028

 -1.55077 53.8027

 -1.55096 53.8033

 -1.55082 53.8035

 -1.55057 53.8035

 -1.55071 53.8033

 -1.54704 53.8043

 -1.54687 53.8043

 -1.54645 53.8044

 -1.54665 53.8054

 -1.54708 53.8054

 -1.55644 53.8103

 -1.55623 53.8104

 -1.55638 53.8105

 -1.55691 53.8103

 -1.55748 53.81

 -1.55771 53.8099

 -1.5574 53.8097

 -1.55734 53.8096

 -1.55701 53.8096

 -1.55676 53.8095

 -1.55645 53.8097

 -1.55682 53.8099

 -1.55696 53.81

 -1.55658 53.8102

 -1.54856 53.8028

 -1.54859 53.8027

 -1.54846 53.8027

 -1.54871 53.8025

 -1.54868 53.8024

 -1.54827 53.8023

 -1.5481 53.8025

 -1.54802 53.8025

 -1.54797 53.8025

 -1.54783 53.8025

 -1.54821 53.802

 -1.54826 53.802

 -1.5483 53.8019

 -1.54837 53.8019

 -1.54838 53.8019

 -1.54854 53.8019

 -1.54855 53.8019

 -1.54875 53.8019

 -1.54875 53.8019

 -1.54887 53.8019

 -1.54887 53.8019

 -1.54896 53.802

 -1.54891 53.8021

 -1.54899 53.8024

 -1.54902 53.8025

 -1.54866 53.8028

 -1.54849 53.8044

 -1.54845 53.8044

 -1.54836 53.8043

 -1.54832 53.8043

 -1.54833 53.8042

 -1.54824 53.8042

 -1.54828 53.8042

 -1.54775 53.8039

 -1.54826 53.8035

 -1.54877 53.8037

 -1.54867 53.8038

 -1.54874 53.8039

 -1.54894 53.8037

 -1.54845 53.8035

 -1.54862 53.8034

 -1.55014 53.804

 -1.54998 53.8042

 -1.5498 53.8041

 -1.54971 53.8042

 -1.54998 53.8043

 -1.54962 53.8045

 -1.54889 53.8042

 -1.54921 53.8039

 -1.54912 53.8039

 -1.55447 53.8064

 -1.55469 53.8064

 -1.55469 53.8064

 -1.55482 53.8064

 -1.55482 53.8064

 -1.55505 53.8064

 -1.55504 53.8058

 -1.55447 53.8058

 -1.54669 53.8018

 -1.54655 53.8014

 -1.54606 53.8015

 -1.54615 53.8017

 -1.54634 53.8016

 -1.54637 53.8017

 -1.54618 53.8017

 -1.54632 53.802

 -1.54667 53.8019

 -1.54663 53.8018

 -1.54726 53.8017

 -1.54709 53.8013

 -1.55355 53.8016

 -1.55292 53.8017

 -1.55288 53.8015

 -1.55351 53.8014

 -1.55651 53.8024

 -1.55643 53.8023

 -1.55675 53.8022

 -1.55687 53.8023

 -1.55879 53.8019

 -1.55863 53.8019

 -1.55862 53.8018

 -1.55877 53.8018

 -1.54611 53.8026

 -1.54635 53.8025

 -1.54676 53.8021

 -1.54672 53.802

 -1.54589 53.8022

 -1.54616 53.802

 -1.54574 53.8021

 -1.54567 53.802

 -1.54575 53.802

 -1.54563 53.8018

 -1.54561 53.8018

 -1.54551 53.8017

 -1.54589 53.8016

 -1.54688 53.8081

 -1.54712 53.808

 -1.54668 53.8077

 -1.54643 53.8078

 -1.54747 53.8072

 -1.54711 53.8071

 -1.54705 53.8071

 -1.54691 53.807

 -1.54704 53.8069

 -1.5471 53.807

 -1.54733 53.8068

 -1.54777 53.807

 -1.56422 53.8049

 -1.56357 53.8051

 -1.56433 53.8058

 -1.56474 53.8053

 -1.55669 53.8052

 -1.5567 53.805

 -1.55731 53.8052

 -1.55732 53.8057

 -1.55705 53.8058

 -1.55705 53.8057

 -1.55709 53.8056

 -1.55709 53.8053

 -1.55771 53.8054

 -1.55811 53.8055

 -1.55776 53.806

 -1.55731 53.8059

 -1.55752 53.8058

 -1.55765 53.8058

 -1.55786 53.8055

 -1.55771 53.8055

 -1.55419 53.8058

 -1.554 53.8058

 -1.55188 53.8056

 -1.55189 53.806

 -1.55199 53.8061

 -1.55199 53.8063

 -1.55166 53.8063

 -1.55166 53.8063

 -1.55124 53.8063

 -1.55124 53.806

 -1.55143 53.806

 -1.55143 53.8059

 -1.55111 53.8059

 -1.55112 53.8063

 -1.55092 53.8063

 -1.55278 53.8063

 -1.55279 53.8062

 -1.55237 53.8062

 -1.55239 53.8061

 -1.5523 53.8061

 -1.55229 53.8062

 -1.55213 53.8062

 -1.55211 53.8063

 -1.5538 53.8061

 -1.55382 53.8057

 -1.5534 53.8057

 -1.55338 53.8061

 -1.55582 53.8073

 -1.55587 53.8071

 -1.55559 53.8071

 -1.55555 53.8073

 -1.55314 53.8065

 -1.55308 53.8067

 -1.55392 53.8068

 -1.55401 53.8068

 -1.55401 53.8065

 -1.55379 53.8065

 -1.55367 53.8065

 -1.55347 53.8066

 -1.55329 53.8066

 -1.55412 53.8065

 -1.55446 53.8065

 -1.55446 53.8069

 -1.55411 53.8069

 -1.55597 53.8058

 -1.55526 53.8058

 -1.55525 53.8057

 -1.55596 53.8056

 -1.56085 53.8032

 -1.56069 53.8034

 -1.56037 53.8032

 -1.56045 53.8031

 -1.56056 53.8031

 -1.56068 53.8031

 -1.56087 53.8031

 -1.56077 53.8032

 -1.56085 53.8033

 -1.56072 53.8034

 -1.56091 53.8035

 -1.56104 53.8034

 -1.56321 53.8073

 -1.56302 53.8075

 -1.56253 53.8074

 -1.56264 53.8072

 -1.56279 53.8073

 -1.56287 53.8072

 -1.55272 53.8059

 -1.55276 53.8056

 -1.55259 53.8056

 -1.55254 53.8059

 -1.55211 53.8072

 -1.55248 53.8069

 -1.5523 53.8068

 -1.55192 53.8071

 -1.5522 53.8067

 -1.55229 53.8066

 -1.5527 53.8067

 -1.55261 53.8069

 -1.55143 53.8068

 -1.55161 53.8066

 -1.55087 53.8064

 -1.55075 53.8065

 -1.55098 53.8066

 -1.55093 53.8066

 -1.55177 53.8072

 -1.55186 53.8071

 -1.55188 53.8071

 -1.55182 53.807

 -1.55168 53.8071

 -1.55164 53.807

 -1.55178 53.807

 -1.55171 53.8069

 -1.55157 53.807

 -1.55297 53.8047

 -1.55301 53.8046

 -1.55273 53.8046

 -1.5527 53.8047

 -1.55331 53.8047

 -1.55358 53.8048

 -1.55359 53.8049

 -1.55315 53.8049

 -1.55304 53.805

 -1.55381 53.8051

 -1.55381 53.8047

 -1.55335 53.8046

 -1.55062 53.8062

 -1.55062 53.8061

 -1.55046 53.8061

 -1.55006 53.8059

 -1.5499 53.8059

 -1.55042 53.8062

 -1.55326 53.807

 -1.5532 53.8069

 -1.55327 53.8069

 -1.5535 53.8069

 -1.55359 53.8069

 -1.55353 53.807

 -1.55397 53.807

 -1.55396 53.8071

 -1.55294 53.8071

 -1.55293 53.8075

 -1.55289 53.8075

 -1.55274 53.8075

 -1.55277 53.8071

 -1.55283 53.8071

 -1.55283 53.807

 -1.55333 53.8065

 -1.55338 53.8061

 -1.55359 53.8061

 -1.55359 53.8062

 -1.55367 53.8062

 -1.55366 53.8063

 -1.55375 53.8063

 -1.55374 53.8064

 -1.55364 53.8064

 -1.55364 53.8063

 -1.55348 53.8063

 -1.55346 53.8065

 -1.55379 53.8089

 -1.55397 53.8089

 -1.55397 53.809

 -1.55407 53.809

 -1.55408 53.8091

 -1.55399 53.8091

 -1.55398 53.8092

 -1.55378 53.8092

 -1.55428 53.809

 -1.55441 53.8089

 -1.55422 53.8087

 -1.55408 53.8088

 -1.55443 53.8088

 -1.55452 53.8088

 -1.55445 53.8087

 -1.55436 53.8088

 -1.55442 53.8074

 -1.55297 53.8074

 -1.55297 53.8075

 -1.55315 53.8075

 -1.55315 53.8075

 -1.55376 53.8075

 -1.55375 53.8077

 -1.55407 53.8077

 -1.55407 53.8075

 -1.5544 53.8075

 -1.55298 53.8078

 -1.55305 53.8077

 -1.55316 53.8077

 -1.55331 53.8076

 -1.5535 53.8077

 -1.55363 53.8077

 -1.55367 53.8078

 -1.55405 53.8078

 -1.55406 53.8077

 -1.55414 53.8077

 -1.55414 53.8078

 -1.55422 53.8078

 -1.55422 53.8078

 -1.55451 53.8078

 -1.5545 53.8079

 -1.55434 53.8079

 -1.55435 53.8082

 -1.55412 53.8082

 -1.55412 53.8081

 -1.55377 53.808

 -1.55378 53.808

 -1.55369 53.808

 -1.55363 53.808

 -1.55348 53.8081

 -1.55326 53.8081

 -1.55313 53.8081

 -1.55305 53.808

 -1.55296 53.8079

 -1.5525 53.8075

 -1.55249 53.8077

 -1.55244 53.8077

 -1.55243 53.8081

 -1.55252 53.8081

 -1.55251 53.8082

 -1.55278 53.8082

 -1.55288 53.8082

 -1.55383 53.8082

 -1.55342 53.8082

 -1.55342 53.8082

 -1.55352 53.8082

 -1.55352 53.8082

 -1.55332 53.8082

 -1.55332 53.8082

 -1.55278 53.8083

 -1.5527 53.8083

 -1.55271 53.8086

 -1.55279 53.8086

 -1.55279 53.8087

 -1.55313 53.8087

 -1.55317 53.8088

 -1.55323 53.8088

 -1.55334 53.8088

 -1.55342 53.8088

 -1.55346 53.8087

 -1.55384 53.8087

 -1.55384 53.8087

 -1.55457 53.8087

 -1.55459 53.8084

 -1.554 53.8084

 -1.55401 53.8081

 -1.55383 53.8081

 -1.5565 53.8077

 -1.5566 53.8074

 -1.55675 53.8074

 -1.55661 53.8078

 -1.55635 53.8078

 -1.55638 53.8077

 -1.55642 53.8076

 -1.55631 53.8079

 -1.5551 53.8078

 -1.55519 53.8074

 -1.55474 53.8084

 -1.55495 53.8077

 -1.55506 53.8078

 -1.55509 53.8077

 -1.55473 53.8076

 -1.5547 53.8077

 -1.55474 53.8077

 -1.55461 53.8081

 -1.55453 53.8081

 -1.55445 53.8084

 -1.55465 53.8077

 -1.55469 53.8074

 -1.55444 53.8074

 -1.55439 53.8077

 -1.55739 53.8065

 -1.55756 53.8063

 -1.55738 53.8063

 -1.55723 53.8065

 -1.5572 53.8063

 -1.55694 53.806

 -1.55665 53.8061

 -1.55673 53.8062

 -1.55684 53.8062

 -1.55701 53.8063

 -1.55579 53.8065

 -1.55584 53.8062

 -1.55565 53.8062

 -1.55566 53.8062

 -1.55542 53.8062

 -1.55537 53.8063

 -1.55533 53.8065

 -1.55591 53.8074

 -1.55601 53.8071

 -1.55665 53.8072

 -1.55654 53.8075

 -1.55791 53.8063

 -1.55805 53.8061

 -1.55837 53.8062

 -1.55824 53.8063

 -1.55845 53.8064

 -1.5586 53.8062

 -1.55848 53.8062

 -1.55834 53.8064

 -1.55231 53.8049

 -1.55241 53.8046

 -1.55214 53.8046

 -1.55205 53.8049

 -1.55177 53.8046

 -1.55184 53.8044

 -1.55159 53.8044

 -1.55152 53.8046

 -1.55725 53.8079

 -1.55718 53.808

 -1.55759 53.8081

 -1.55764 53.808

 -1.55892 53.8077

 -1.55887 53.8078

 -1.55855 53.8077

 -1.5586 53.8076

 -1.55856 53.8076

 -1.5585 53.8077

 -1.5583 53.8077

 -1.55837 53.8076

 -1.55823 53.8076

 -1.55817 53.8077

 -1.55796 53.8076

 -1.55802 53.8075

 -1.55798 53.8075

 -1.5579 53.8076

 -1.5575 53.8075

 -1.55746 53.8076

 -1.55684 53.8075

 -1.5568 53.8074

 -1.55685 53.8072

 -1.55703 53.8073

 -1.55699 53.8074

 -1.55733 53.8074

 -1.55736 53.8074

 -1.55785 53.808

 -1.55791 53.8078

 -1.5572 53.8077

 -1.55715 53.8079

 -1.55799 53.808

 -1.55804 53.8079

 -1.55852 53.808

 -1.55848 53.8081

 -1.55711 53.808

 -1.55716 53.8079

 -1.55687 53.8079

 -1.55691 53.8078

 -1.55667 53.8077

 -1.55662 53.8079

 -1.55635 53.8078

 -1.55631 53.8079

 -1.55768 53.808

 -1.55766 53.808

 -1.55776 53.8081

 -1.55779 53.808

 -1.55988 53.807

 -1.55988 53.807

 -1.55997 53.8068

 -1.56012 53.8069

 -1.56017 53.8068

 -1.56003 53.8068

 -1.56013 53.8066

 -1.55994 53.8066

 -1.5597 53.8069

 -1.5597 53.8069

 -1.55488 53.8072

 -1.55456 53.8072

 -1.55457 53.8071

 -1.55489 53.8071

 -1.55984 53.8056

 -1.55973 53.8057

 -1.56032 53.8059

 -1.56043 53.8058

 -1.55686 53.8032

 -1.55724 53.803

 -1.55717 53.8029

 -1.55743 53.8028

 -1.55737 53.8027

 -1.55679 53.8028

 -1.55686 53.803

 -1.55697 53.8029

 -1.55703 53.803

 -1.55678 53.8031

 -1.55938 53.805

 -1.55963 53.8047

 -1.55948 53.8047

 -1.5593 53.8049

 -1.55896 53.8047

 -1.55914 53.8046

 -1.55899 53.8045

 -1.55873 53.8047

 -1.55305 53.8038

 -1.55355 53.8038

 -1.55637 53.8019

 -1.55619 53.8019

 -1.55626 53.802

 -1.55637 53.802

 -1.55632 53.8019

 -1.55639 53.8019

 -1.54779 53.8032

 -1.5479 53.8032

 -1.54799 53.8032

 -1.54806 53.8032

 -1.54812 53.8032

 -1.54817 53.8032

 -1.54822 53.8032

 -1.54849 53.8029

 -1.54835 53.8029

 -1.5483 53.8029

 -1.54825 53.8029

 -1.5482 53.8029

 -1.54815 53.8029

 -1.54819 53.8029

 -1.54819 53.8028

 -1.54817 53.8028

 -1.54812 53.8028

 -1.54807 53.8028

 -1.54802 53.8027

 -1.54797 53.8027

 -1.54791 53.8028

 -1.54787 53.8028

 -1.54781 53.8028

 -1.54784 53.8027

 -1.5478 53.8027

 -1.54783 53.8027

 -1.54767 53.8026

 -1.54741 53.8029

 -1.54738 53.8029

 -1.54738 53.803

 -1.54743 53.803

 -1.5475 53.803

 -1.54761 53.8031

 -1.54786 53.8045

 -1.5475 53.8045

 -1.5475 53.8045

 -1.5475 53.8045

 -1.54747 53.8045

 -1.54746 53.8045

 -1.54746 53.8045

 -1.54785 53.8044

 -1.54787 53.8045

 -1.54788 53.8045

 -1.54787 53.8045

 -1.54784 53.8045

 -1.54902 53.8072

 -1.54878 53.8073

 -1.54919 53.8075

 -1.54942 53.8074

 -1.55174 53.8088

 -1.55111 53.8093

 -1.55103 53.8093

 -1.55096 53.8093

 -1.55088 53.8093

 -1.55045 53.8091

 -1.55042 53.809

 -1.55046 53.809

 -1.55049 53.809

 -1.55041 53.8089

 -1.55073 53.8087

 -1.55085 53.8086

 -1.55067 53.8085

 -1.55093 53.8083

 -1.55126 53.8085

 -1.5512 53.8085

 -1.55161 53.8088

 -1.55169 53.8087

 -1.55178 53.8088

 -1.54862 53.806

 -1.54845 53.8059

 -1.54883 53.8057

 -1.54922 53.8059

 -1.54878 53.8062

 -1.54908 53.8064

 -1.54894 53.8065

 -1.54892 53.8065

 -1.54868 53.8063

 -1.54865 53.8065

 -1.54833 53.8063

 -1.54829 53.8064

 -1.54808 53.8061

 -1.54797 53.806

 -1.54783 53.8057

 -1.54812 53.8057

 -1.54821 53.8059

 -1.54824 53.8059

 -1.54846 53.8062

 -1.54889 53.8059

 -1.54882 53.8059

 -1.5488 53.8056

 -1.54857 53.8055

 -1.54818 53.8057

 -1.5484 53.8058

 -1.56087 53.8078

 -1.56086 53.8078

 -1.56083 53.8077

 -1.56079 53.8077

 -1.56074 53.8077

 -1.56068 53.8077

 -1.56063 53.8077

 -1.5606 53.8078

 -1.56059 53.8078

 -1.56016 53.8077

 -1.5601 53.8077

 -1.55995 53.8077

 -1.5598 53.8079

 -1.55991 53.8079

 -1.56005 53.8077

 -1.5603 53.8078

 -1.56028 53.8078

 -1.56026 53.8078

 -1.56019 53.8079

 -1.56059 53.808

 -1.56057 53.8081

 -1.56068 53.8081

 -1.5607 53.8081

 -1.56092 53.8081

 -1.56098 53.808

 -1.56135 53.8081

 -1.56147 53.8082

 -1.56137 53.8083

 -1.56181 53.8084

 -1.56201 53.8081

 -1.56203 53.8081

 -1.56091 53.8078

 -1.56282 53.808

 -1.56257 53.808

 -1.56271 53.8078

 -1.56297 53.8078

 -1.56205 53.8073

 -1.56217 53.8072

 -1.56149 53.807

 -1.56138 53.8072

 -1.56233 53.8086

 -1.5619 53.8085

 -1.56208 53.8082

 -1.5623 53.808

 -1.56273 53.8081

 -1.55509 53.8069

 -1.55509 53.8068

 -1.55489 53.8068

 -1.55489 53.8069

 -1.56073 53.8076

 -1.56049 53.8077

 -1.56014 53.8073

 -1.5602 53.8072

 -1.56042 53.8072

 -1.56105 53.8073

 -1.56093 53.8072

 -1.56092 53.8072

 -1.5609 53.8073

 -1.56082 53.8072

 -1.56082 53.8072

 -1.56083 53.8072

 -1.56081 53.8072

 -1.56083 53.8072

 -1.56072 53.8072

 -1.56069 53.8072

 -1.56045 53.8071

 -1.56046 53.8071

 -1.56044 53.8071

 -1.56072 53.8067

 -1.56088 53.8067

 -1.56086 53.8068

 -1.56094 53.8068

 -1.56093 53.8068

 -1.56096 53.8068

 -1.56084 53.807

 -1.56095 53.807

 -1.56097 53.807

 -1.5612 53.807

 -1.55884 53.8061

 -1.55897 53.806

 -1.55839 53.8058

 -1.55826 53.8059

 -1.55521 53.8027

 -1.55523 53.8021

 -1.55522 53.8019

 -1.55414 53.8019

 -1.55414 53.8022

 -1.55368 53.8022

 -1.55498 53.8029

 -1.5552 53.8029

 -1.55282 53.8094

 -1.55277 53.8093

 -1.55269 53.8092

 -1.5526 53.8091

 -1.55243 53.8091

 -1.5523 53.8091

 -1.55215 53.8091

 -1.552 53.8091

 -1.55187 53.8091

 -1.55176 53.8092

 -1.55166 53.8092

 -1.55159 53.8093

 -1.55177 53.8093

 -1.55183 53.8093

 -1.5519 53.8092

 -1.55202 53.8092

 -1.55219 53.8092

 -1.55235 53.8092

 -1.55245 53.8092

 -1.55256 53.8093

 -1.55263 53.8094

 -1.54819 53.8074

 -1.54806 53.8074

 -1.54826 53.8072

 -1.5484 53.8072

 -1.55015 53.8079

 -1.55 53.808

 -1.54959 53.8077

 -1.54975 53.8076

 -1.54786 53.807

 -1.54769 53.8069

 -1.5479 53.8068

 -1.54781 53.8067

 -1.54793 53.8066

 -1.54819 53.8068

 -1.5618 53.8044

 -1.56181 53.8043

 -1.56157 53.8043

 -1.56156 53.8043

 -1.56218 53.8047

 -1.56218 53.8046

 -1.56219 53.8043

 -1.56233 53.8043

 -1.56232 53.8047

 -1.56215 53.8043

 -1.56215 53.8042

 -1.5618 53.8042

 -1.5618 53.8043

 -1.56192 53.8047

 -1.56218 53.8047

 -1.56192 53.8046

 -1.56179 53.8048

 -1.5618 53.8046

 -1.56192 53.8046

 -1.56192 53.8048

 -1.56133 53.8046

 -1.56133 53.8044

 -1.56157 53.8044

 -1.56157 53.8046

 -1.56161 53.8046

 -1.56161 53.8048

 -1.56138 53.8048

 -1.56138 53.8046

 -1.56135 53.8046

 -1.55495 53.8041

 -1.55472 53.8041

 -1.55472 53.8046

 -1.55557 53.8046

 -1.55557 53.8047

 -1.55628 53.8047

 -1.55628 53.8046

 -1.55661 53.8094

 -1.55659 53.8094

 -1.55638 53.8094

 -1.5564 53.8093

 -1.55639 53.8093

 -1.55641 53.8093

 -1.55648 53.8093

 -1.55646 53.8093

 -1.55659 53.8094

 -1.55661 53.8093

 -1.55668 53.8093

 -1.55666 53.8094

 -1.55405 53.8019

 -1.55421 53.8016

 -1.55395 53.8016

 -1.55387 53.8018

 -1.55403 53.8019

 -1.55685 53.8109

 -1.55662 53.8107

 -1.55669 53.8107

 -1.55671 53.8107

 -1.55686 53.8106

 -1.55708 53.8108

 -1.54745 53.8025

 -1.5472 53.8024

 -1.54694 53.8023

 -1.54718 53.8021

 -1.54769 53.8022

 -1.55736 53.8067

 -1.5571 53.8066

 -1.55706 53.8067

 -1.55688 53.8066

 -1.55683 53.8067

 -1.55727 53.8068

 -1.55708 53.8071

 -1.55654 53.807

 -1.55657 53.8069

 -1.55664 53.8069

 -1.55673 53.8067

 -1.55531 53.8068

 -1.5554 53.8068

 -1.5554 53.8068

 -1.55563 53.8068

 -1.55564 53.8068

 -1.55594 53.8068

 -1.55594 53.8069

 -1.55618 53.8069

 -1.5562 53.8068

 -1.55622 53.8067

 -1.55624 53.8067

 -1.5563 53.8067

 -1.55633 53.8065

 -1.55636 53.8065

 -1.5564 53.8064

 -1.55612 53.8064

 -1.55613 53.8063

 -1.55628 53.8063

 -1.5563 53.8063

 -1.55596 53.8062

 -1.55595 53.8063

 -1.55592 53.8063

 -1.55587 53.8065

 -1.55585 53.8065

 -1.55583 53.8066

 -1.55541 53.8065

 -1.5554 53.8066

 -1.55549 53.8066

 -1.55548 53.8066

 -1.55547 53.8066

 -1.55546 53.8066

 -1.55535 53.8066

 -1.55618 53.8069

 -1.55633 53.8068

 -1.55637 53.8067

 -1.55645 53.8065

 -1.55653 53.8064

 -1.55657 53.8064

 -1.55658 53.8064

 -1.5566 53.8063

 -1.55665 53.8063

 -1.5567 53.8063

 -1.55674 53.8063

 -1.55677 53.8064

 -1.55677 53.8064

 -1.55681 53.8064

 -1.55676 53.8065

 -1.55682 53.8065

 -1.55681 53.8066

 -1.5569 53.8066

 -1.54941 53.8056

 -1.54935 53.8056

 -1.54949 53.8055

 -1.54955 53.8056

 -1.54962 53.8058

 -1.5495 53.8057

 -1.54964 53.8057

 -1.54974 53.8058

 -1.54957 53.8054

 -1.54943 53.8053

 -1.54922 53.8055

 -1.54923 53.8055

 -1.54928 53.8055

 -1.54943 53.8055

 -1.54951 53.8055

 -1.54966 53.8054

 -1.54971 53.8055

 -1.54957 53.8055

 -1.54937 53.8054

 -1.55306 53.8107

 -1.55286 53.8107

 -1.55305 53.8104

 -1.55302 53.8104

 -1.55304 53.8104

 -1.55308 53.8104

 -1.55309 53.8104

 -1.55328 53.8104

 -1.54928 53.8059

 -1.54948 53.806

 -1.54923 53.8062

 -1.54903 53.8061

 -1.5437 53.8073

 -1.54377 53.8071

 -1.544 53.8072

 -1.54393 53.8073

 -1.55495 53.8039

 -1.55495 53.8039

 -1.55482 53.8039

 -1.55482 53.8039

 -1.55457 53.8039

 -1.55456 53.8038

 -1.55433 53.8038

 -1.55433 53.804

 -1.55471 53.804

 -1.55516 53.8107

 -1.55519 53.8106

 -1.55487 53.8105

 -1.55499 53.8104

 -1.55513 53.8104

 -1.5551 53.8105

 -1.55539 53.8106

 -1.5553 53.8107

 -1.55637 53.803

 -1.55498 53.803

 -1.55484 53.803

 -1.55484 53.8035

 -1.55497 53.8035

 -1.55497 53.8037

 -1.55524 53.8037

 -1.55524 53.8035

 -1.55533 53.8035

 -1.55533 53.8039

 -1.55557 53.8041

 -1.55557 53.8035

 -1.55637 53.8035

 -1.55187 53.8024

 -1.55206 53.8024

 -1.55553 53.8027

 -1.55554 53.8021

 -1.55506 53.8041

 -1.55525 53.8041

 -1.55654 53.8102

 -1.55673 53.8101

 -1.55616 53.8097

 -1.55646 53.8096

 -1.55628 53.8094

 -1.55602 53.8095

 -1.55548 53.8092

 -1.55539 53.8092

 -1.55516 53.8093

 -1.55496 53.8092

 -1.55476 53.8093

 -1.55468 53.8093

 -1.55478 53.8093

 -1.55466 53.8092

 -1.55459 53.8092

 -1.55448 53.8091

 -1.55403 53.8094

 -1.55419 53.8095

 -1.55425 53.8095

 -1.55441 53.8094

 -1.55451 53.8094

 -1.55459 53.8094

 -1.55446 53.8095

 -1.55461 53.8096

 -1.55459 53.8096

 -1.55469 53.8097

 -1.55484 53.8096

 -1.55532 53.8098

 -1.55555 53.81

 -1.5558 53.8101

 -1.55623 53.8103

 -1.55629 53.8103

 -1.55638 53.8103

 -1.55639 53.8103

 -1.54655 53.8035

 -1.54639 53.8036

 -1.54624 53.8035

 -1.54594 53.8037

 -1.5458 53.8036

 -1.54629 53.8033

 -1.54644 53.8034

 -1.54641 53.8034

 -1.54681 53.8028

 -1.54657 53.8027

 -1.54698 53.8026

 -1.54693 53.8026

 -1.54552 53.8031

 -1.54548 53.8031

 -1.54553 53.8031

 -1.54557 53.8031

 -1.5456 53.8031

 -1.54566 53.803

 -1.54557 53.803

 -1.54547 53.803

 -1.5454 53.8031

 -1.5453 53.8031

 -1.54589 53.8034

 -1.546 53.8034

 -1.54585 53.8033

 -1.54589 53.8033

 -1.54584 53.8032

 -1.54579 53.8033

 -1.54554 53.8031

 -1.54782 53.8021

 -1.5478 53.8021

 -1.54778 53.8021

 -1.54766 53.8021

 -1.54769 53.8021

 -1.54765 53.8021

 -1.54782 53.8019

 -1.54764 53.8018

 -1.54756 53.8019

 -1.54763 53.8019

 -1.54753 53.802

 -1.54729 53.802

 -1.54739 53.8019

 -1.54747 53.8018

 -1.54751 53.8018

 -1.5476 53.8017

 -1.54808 53.8018

 -1.54798 53.8019

 -1.55722 53.8097

 -1.5572 53.8097

 -1.55718 53.8097

 -1.54872 53.8109

 -1.54864 53.8109

 -1.54864 53.8108

 -1.54865 53.8108

 -1.54865 53.8108

 -1.54876 53.8108

 -1.5488 53.8108

 -1.54871 53.8107

 -1.54875 53.8106

 -1.54879 53.8106

 -1.5489 53.8106

 -1.54831 53.8108

 -1.54831 53.8108

 -1.54829 53.8109

 -1.54828 53.8109

 -1.54855 53.8109

 -1.54863 53.8109

 -1.54916 53.8101

 -1.54901 53.8101

 -1.54898 53.8102

 -1.54879 53.8101

 -1.54879 53.8102

 -1.54874 53.8102

 -1.54871 53.8102

 -1.54895 53.8103

 -1.54889 53.8104

 -1.54902 53.8104

 -1.5482 53.8106

 -1.54817 53.8106

 -1.54818 53.8106

 -1.54807 53.8106

 -1.54804 53.8107

 -1.5481 53.8107

 -1.54808 53.8108

 -1.54795 53.8108

 -1.54795 53.8108

 -1.54793 53.8108

 -1.54792 53.8108

 -1.54813 53.8108

 -1.54816 53.8107

 -1.54816 53.8107

 -1.54818 53.8107

 -1.54787 53.8106

 -1.54784 53.8106

 -1.54784 53.8106

 -1.54773 53.8106

 -1.54769 53.8107

 -1.54774 53.8107

 -1.54773 53.8108

 -1.54758 53.8107

 -1.54757 53.8108

 -1.54756 53.8108

 -1.54754 53.8108

 -1.54758 53.8108

 -1.54758 53.8108

 -1.54792 53.8109

 -1.54778 53.8108

 -1.5478 53.8107

 -1.54786 53.8107

 -1.54893 53.8106

 -1.54882 53.8105

 -1.54862 53.8105

 -1.54866 53.8104

 -1.54883 53.8104

 -1.54882 53.8105

 -1.54886 53.8105

 -1.54807 53.8099

 -1.54792 53.8099

 -1.54797 53.8097

 -1.54801 53.8097

 -1.54812 53.8097

 -1.54784 53.8103

 -1.54777 53.8103

 -1.54768 53.8103

 -1.54772 53.8101

 -1.54779 53.8101

 -1.54788 53.8101

 -1.54787 53.8102

 -1.54807 53.8102

 -1.54805 53.8103

 -1.54785 53.8103

 -1.54784 53.8099

 -1.54794 53.8101

 -1.54795 53.8101

 -1.54814 53.8101

 -1.54817 53.81

 -1.54797 53.81

 -1.54798 53.8099

 -1.54774 53.8105

 -1.54758 53.8105

 -1.54762 53.8103

 -1.54776 53.8104

 -1.54784 53.8104

 -1.54782 53.8105

 -1.54775 53.8105

 -1.54735 53.8108

 -1.54737 53.8107

 -1.54817 53.8097

 -1.54807 53.8094

 -1.54823 53.8095

 -1.54821 53.8095

 -1.54842 53.8095

 -1.5484 53.8096

 -1.54822 53.8096

 -1.54823 53.8096

 -1.54819 53.8096

 -1.54816 53.8104

 -1.54819 53.8103

 -1.54834 53.8103

 -1.54831 53.8104

 -1.54713 53.8099

 -1.54702 53.8099

 -1.54701 53.8099

 -1.54698 53.8099

 -1.54697 53.8098

 -1.54701 53.8098

 -1.54699 53.8098

 -1.5471 53.8098

 -1.54761 53.81

 -1.54757 53.8101

 -1.54754 53.8101

 -1.54753 53.8101

 -1.54742 53.8101

 -1.54743 53.8101

 -1.54739 53.8101

 -1.54744 53.81

 -1.54739 53.8094

 -1.54734 53.8095

 -1.54711 53.8094

 -1.54715 53.8094

 -1.54737 53.8097

 -1.54733 53.8098

 -1.54748 53.8098

 -1.54752 53.8097

 -1.5473 53.81

 -1.5472 53.81

 -1.54714 53.81

 -1.54712 53.81

 -1.54708 53.81

 -1.54711 53.81

 -1.54709 53.81

 -1.54719 53.8099

 -1.54712 53.8097

 -1.54716 53.8096

 -1.54705 53.8096

 -1.54703 53.8097

 -1.54699 53.8096

 -1.54698 53.8097

 -1.54702 53.8097

 -1.547 53.8097

 -1.5479 53.8095

 -1.54787 53.8095

 -1.54761 53.8095

 -1.54763 53.8094

 -1.54776 53.8097

 -1.54772 53.8098

 -1.54754 53.8098

 -1.54759 53.8097

 -1.55496 53.8108

 -1.55488 53.8109

 -1.55464 53.8109

 -1.55473 53.8107

 -1.55556 53.8111

 -1.55567 53.8109

 -1.55537 53.8109

 -1.5554 53.8108

 -1.55525 53.8108

 -1.55515 53.8109

 -1.55542 53.811

 -1.55539 53.811

 -1.55354 53.8101

 -1.55356 53.8101

 -1.55358 53.8101

 -1.55363 53.81

 -1.5536 53.81

 -1.55363 53.81

 -1.55348 53.8099

 -1.55345 53.8099

 -1.55341 53.8099

 -1.55335 53.81

 -1.55329 53.81

 -1.55325 53.81

 -1.55328 53.8101

 -1.55327 53.8101

 -1.55348 53.8101

 -1.55351 53.8101

 -1.5531 53.8101

 -1.5531 53.8101

 -1.55278 53.81

 -1.55262 53.8102

 -1.55265 53.8102

 -1.55261 53.8102

 -1.55282 53.8103

 -1.55286 53.8103

 -1.55298 53.8103

 -1.55288 53.8106

 -1.55285 53.8106

 -1.55286 53.8106

 -1.55272 53.8105

 -1.5527 53.8105

 -1.55262 53.8105

 -1.55255 53.8106

 -1.55281 53.8107

 -1.55279 53.8107

 -1.55268 53.8108

 -1.55264 53.8108

 -1.55265 53.8108

 -1.55267 53.8108

 -1.55225 53.8107

 -1.55234 53.8106

 -1.55237 53.8106

 -1.55245 53.8105

 -1.55259 53.8105

 -1.55251 53.8106

 -1.55239 53.8105

 -1.55214 53.8104

 -1.55201 53.8106

 -1.55226 53.8107

 -1.553 53.8109

 -1.55277 53.8112

 -1.55249 53.8111

 -1.55272 53.8108

 -1.55242 53.8109

 -1.55237 53.811

 -1.55245 53.811

 -1.5524 53.8111

 -1.55233 53.8111

 -1.55176 53.8109

 -1.55182 53.8108

 -1.55188 53.8109

 -1.55193 53.8108

 -1.55212 53.8108

 -1.55218 53.8108

 -1.55219 53.8108

 -1.55258 53.8109

 -1.55221 53.8107

 -1.55329 53.8104

 -1.55311 53.8104

 -1.5532 53.8102

 -1.55338 53.8103

 -1.55262 53.8104

 -1.5527 53.8103

 -1.55262 53.8103

 -1.55254 53.8104

 -1.54901 53.8099

 -1.54915 53.8098

 -1.5488 53.8096

 -1.54866 53.8097

 -1.54926 53.8101

 -1.54911 53.8101

 -1.5492 53.8099

 -1.54929 53.8099

 -1.54928 53.8099

 -1.54935 53.8099

 -1.54933 53.81

 -1.5493 53.81

 -1.55089 53.81

 -1.55081 53.81

 -1.55105 53.8097

 -1.55122 53.8098

 -1.55117 53.8098

 -1.55109 53.8098

 -1.5515 53.81

 -1.55118 53.8099

 -1.55125 53.8098

 -1.55158 53.8099

 -1.55118 53.8104

 -1.55126 53.8103

 -1.55099 53.8102

 -1.55092 53.8103

 -1.55321 53.8098

 -1.55306 53.8097

 -1.55349 53.8095

 -1.55084 53.8103

 -1.55076 53.8102

 -1.55099 53.81

 -1.55115 53.8101

 -1.55111 53.8101

 -1.55103 53.8101

 -1.55362 53.8099

 -1.5535 53.8098

 -1.5536 53.8097

 -1.55364 53.8097

 -1.55366 53.8097

 -1.55384 53.8097

 -1.55376 53.8098

 -1.55363 53.8098

 -1.55362 53.8098

 -1.55365 53.8098

 -1.55157 53.8097

 -1.55176 53.8095

 -1.55159 53.8095

 -1.55139 53.8097

 -1.56337 53.802

 -1.56345 53.802

 -1.56346 53.802

 -1.56356 53.802

 -1.56357 53.802

 -1.56368 53.8019

 -1.56371 53.802

 -1.5639 53.8019

 -1.56383 53.8018

 -1.56366 53.8017

 -1.56348 53.8015

 -1.56316 53.8014

 -1.56314 53.8014

 -1.56303 53.8015

 -1.56305 53.8015

 -1.56303 53.8015

 -1.56308 53.8015

 -1.56293 53.8016

 -1.56303 53.8017

 -1.56306 53.8017

 -1.56308 53.8017

 -1.5632 53.8016

 -1.56324 53.8016

 -1.56339 53.8017

 -1.56337 53.8017

 -1.56342 53.8017

 -1.56344 53.8017

 -1.56356 53.8018

 -1.56354 53.8018

 -1.56352 53.8018

 -1.56345 53.8018

 -1.56347 53.8019

