 -1.54485 53.8101
 -1.54515 53.8097

 -1.54515 53.8097
 -1.54502 53.8095

 -1.54502 53.8095
 -1.54497 53.8094

 -1.54497 53.8094
 -1.5453 53.809

 -1.5453 53.809
 -1.54555 53.8088

 -1.54555 53.8088
 -1.5459 53.809

 -1.5459 53.809
 -1.5461 53.8091

 -1.5461 53.8091
 -1.54622 53.8091

 -1.54622 53.8091
 -1.54643 53.8092

 -1.54643 53.8092
 -1.54706 53.8093

 -1.54706 53.8093
 -1.54735 53.8093

 -1.54735 53.8093
 -1.54759 53.8093

 -1.54759 53.8093
 -1.54789 53.8093

 -1.54789 53.8093
 -1.54829 53.8094

 -1.54829 53.8094
 -1.5485 53.8095

 -1.5485 53.8095
 -1.54871 53.8096

 -1.54871 53.8096
 -1.54933 53.8099

 -1.54933 53.8099
 -1.54952 53.81

 -1.54952 53.81
 -1.54976 53.8101

 -1.54976 53.8101
 -1.55003 53.8101

 -1.55003 53.8101
 -1.55051 53.8102

 -1.55051 53.8102
 -1.55062 53.8099

 -1.55062 53.8099
 -1.55066 53.8098

 -1.55066 53.8098
 -1.55091 53.8096

 -1.55091 53.8096
 -1.551 53.8095

 -1.551 53.8095
 -1.55117 53.8094

 -1.55117 53.8094
 -1.55126 53.8093

 -1.55126 53.8093
 -1.55151 53.8091

 -1.55151 53.8091
 -1.55209 53.8088

 -1.55209 53.8088
 -1.55224 53.8087

 -1.55224 53.8087
 -1.55248 53.8088

 -1.55248 53.8088
 -1.55276 53.8089

 -1.55276 53.8089
 -1.55281 53.809

 -1.55281 53.809
 -1.55293 53.809

 -1.55293 53.809
 -1.55322 53.8092

 -1.55322 53.8092
 -1.55374 53.8094

 -1.55374 53.8094
 -1.55379 53.8095

 -1.55379 53.8095
 -1.55416 53.8096

 -1.55416 53.8096
 -1.55418 53.8096

 -1.55418 53.8096
 -1.55428 53.8097

 -1.55428 53.8097
 -1.55449 53.8097

 -1.55449 53.8097
 -1.55455 53.8097

 -1.55455 53.8097
 -1.55517 53.8099

 -1.55517 53.8099
 -1.55512 53.81

 -1.55512 53.81
 -1.55487 53.8104

 -1.55487 53.8104
 -1.55508 53.8104

 -1.55508 53.8104
 -1.55508 53.8104

